
2019-05-13 12:05:59	INFO	::casa	
2019-05-13 12:05:59	INFO	::casa	Checking telemetry submission interval
2019-05-13 12:05:59	INFO	::casa	Telemetry submit interval not reached. Not submitting data.
2019-05-13 12:05:59	INFO	::casa	Next telemetry data submission in: 1 day, 3:42:19.203948
2019-05-13 12:05:59	INFO	::casa	CASA Version 5.4.1-32  
2019-05-13 12:06:00	INFO	Imager::open() 	Opening MeasurementSet /data/simulations/Meq_tutorials/for_meqtrees/MID_pointing_sims/skagit/sim-mid-pointing/meqtrees_simulation/simulation1/PE_0.0_arcsec.ms
2019-05-13 12:06:01	INFO	imager::defineimage()	Defining image properties:nx=512 ny=512 cellx='0.0961arcsec' celly='0.0961arcsec' stokes=I' mode=MFS nchan=-1 start=0 step=0 spwids=[0] fieldid=-1 facets=1 frame=1 distance='0'
2019-05-13 12:06:01	INFO	imager::defineimage()	 phaseCenter='08:00:00.03,  319.25.17.92, ' mStart='Radialvelocity: 0' qStep='0 '' mFreqStart='Frequency: 0
2019-05-13 12:06:01	INFO	imager::setoptions() 	Setting processing options
2019-05-13 12:06:01	INFO	imager::data selection	Performing selection on MeasurementSet : /data/simulations/Meq_tutorials/for_meqtrees/MID_pointing_sims/skagit/sim-mid-pointing/meqtrees_simulation/simulation1/PE_0.0_arcsec.ms
2019-05-13 12:06:01	INFO	imager::data selection	Selecting on spectral windows expression : 0
2019-05-13 12:06:02	INFO	imager::data selection	Selected all 1254890 rows
2019-05-13 12:06:02	INFO	imager::data selection	Selected: [1 chans in spw 0]
2019-05-13 12:06:02	INFO	imager::weight()	Weighting MS: Imaging weights will be changed
2019-05-13 12:06:02	INFO	imager::weight()	Uniform weighting: sidelobes will be suppressed over full image
2019-05-13 12:06:03	INFO	Imager::setvp() 	Setting voltage pattern parameters
2019-05-13 12:06:03	INFO	Imager::setvp() 	Sky position tolerance is 180 degrees
2019-05-13 12:06:03	INFO	Imager::setvp() 	Using user defined voltage patterns in Table simulation1/PE_0.0_arcsec.-vp.tab
2019-05-13 12:06:03	INFO	imager::makeimage() 	Calculating image (without full skyequation)
2019-05-13 12:06:03	INFO	imager::makeimage() 	Making dirty image from model data 
2019-05-13 12:06:03	INFO	imager::makeimage() 	Image is : simulation1/PE_0.0_arcsec.map
2019-05-13 12:06:03	WARN	Imager::imagecoordinates() (file ../../synthesis/MeasurementEquations/Imager2.cc, line 247)	Did not get the position of SKA1-MID from data repository
2019-05-13 12:06:03	WARN	Imager::imagecoordinates() (file ../../synthesis/MeasurementEquations/Imager2.cc, line 247)	Please contact CASA to add it to the repository.
2019-05-13 12:06:03	WARN	Imager::imagecoordinates() (file ../../synthesis/MeasurementEquations/Imager2.cc, line 247)	Frequency conversion will not work 
2019-05-13 12:06:03	WARN	Imager::imagecoordinates() (file ../../synthesis/MeasurementEquations/Imager2.cc, line 247)	Did not get the position of SKA1-MID from data repository
2019-05-13 12:06:03	WARN	Imager::imagecoordinates() (file ../../synthesis/MeasurementEquations/Imager2.cc, line 247)	Please contact CASA to add it to the repository.
2019-05-13 12:06:03	WARN	Imager::imagecoordinates() (file ../../synthesis/MeasurementEquations/Imager2.cc, line 247)	Frequency conversion will not work 
2019-05-13 12:06:03	WARN	Imager::imagecoordinates() (file ../../synthesis/MeasurementEquations/Imager2.cc, line 247)	Did not get the position of SKA1-MID from data repository
2019-05-13 12:06:03	WARN	Imager::imagecoordinates() (file ../../synthesis/MeasurementEquations/Imager2.cc, line 247)	Please contact CASA to add it to the repository.
2019-05-13 12:06:03	WARN	Imager::imagecoordinates() (file ../../synthesis/MeasurementEquations/Imager2.cc, line 247)	Frequency conversion will not work 
2019-05-13 12:06:03	INFO	imager::createFTMachine() 	Performing interferometric gridding...
2019-05-13 12:06:06	INFO	exportfits::::	
2019-05-13 12:06:06	INFO	exportfits::::+	##########################################
2019-05-13 12:06:06	INFO	exportfits::::+	##### Begin Task: exportfits         #####
2019-05-13 12:06:06	INFO	exportfits::::	exportfits(imagename="simulation1/PE_0.0_arcsec.map",fitsimage="simulation1/PE_0.0_arcsec.map.fits",velocity=False,optical=False,bitpix=-32,
2019-05-13 12:06:06	INFO	exportfits::::+	        minpix=0,maxpix=-1,overwrite=False,dropstokes=False,stokeslast=True,
2019-05-13 12:06:06	INFO	exportfits::::+	        history=True,dropdeg=False)
2019-05-13 12:06:06	INFO	exportfits::::	##### End Task: exportfits           #####
2019-05-13 12:06:06	INFO	exportfits::::+	##########################################
2019-05-13 12:06:07	INFO	Imager::open() 	Opening MeasurementSet /data/simulations/Meq_tutorials/for_meqtrees/MID_pointing_sims/skagit/sim-mid-pointing/meqtrees_simulation/simulation1/residual.ms
2019-05-13 12:06:08	INFO	imager::defineimage()	Defining image properties:nx=512 ny=512 cellx='0.0961arcsec' celly='0.0961arcsec' stokes=I' mode=MFS nchan=-1 start=0 step=0 spwids=[0] fieldid=-1 facets=1 frame=1 distance='0'
2019-05-13 12:06:08	INFO	imager::defineimage()	 phaseCenter='08:00:00.03,  319.25.17.92, ' mStart='Radialvelocity: 0' qStep='0 '' mFreqStart='Frequency: 0
2019-05-13 12:06:08	INFO	imager::setoptions() 	Setting processing options
2019-05-13 12:06:08	INFO	imager::data selection	Performing selection on MeasurementSet : /data/simulations/Meq_tutorials/for_meqtrees/MID_pointing_sims/skagit/sim-mid-pointing/meqtrees_simulation/simulation1/residual.ms
2019-05-13 12:06:08	INFO	imager::data selection	Selecting on spectral windows expression : 0
2019-05-13 12:06:09	INFO	imager::data selection	Selected all 1254890 rows
2019-05-13 12:06:09	INFO	imager::data selection	Selected: [1 chans in spw 0]
2019-05-13 12:06:09	INFO	imager::weight()	Weighting MS: Imaging weights will be changed
2019-05-13 12:06:09	INFO	imager::weight()	Uniform weighting: sidelobes will be suppressed over full image
2019-05-13 12:06:09	INFO	Imager::setvp() 	Setting voltage pattern parameters
2019-05-13 12:06:09	INFO	Imager::setvp() 	Sky position tolerance is 180 degrees
2019-05-13 12:06:09	INFO	Imager::setvp() 	Using user defined voltage patterns in Table simulation1/residual.-vp.tab
2019-05-13 12:06:09	INFO	imager::makeimage() 	Calculating image (without full skyequation)
2019-05-13 12:06:09	INFO	imager::makeimage() 	Making dirty image from model data 
2019-05-13 12:06:09	INFO	imager::makeimage() 	Image is : simulation1/residual.map
2019-05-13 12:06:09	WARN	Imager::imagecoordinates() (file ../../synthesis/MeasurementEquations/Imager2.cc, line 247)	Did not get the position of SKA1-MID from data repository
2019-05-13 12:06:09	WARN	Imager::imagecoordinates() (file ../../synthesis/MeasurementEquations/Imager2.cc, line 247)	Please contact CASA to add it to the repository.
2019-05-13 12:06:09	WARN	Imager::imagecoordinates() (file ../../synthesis/MeasurementEquations/Imager2.cc, line 247)	Frequency conversion will not work 
2019-05-13 12:06:10	WARN	Imager::imagecoordinates() (file ../../synthesis/MeasurementEquations/Imager2.cc, line 247)	Did not get the position of SKA1-MID from data repository
2019-05-13 12:06:10	WARN	Imager::imagecoordinates() (file ../../synthesis/MeasurementEquations/Imager2.cc, line 247)	Please contact CASA to add it to the repository.
2019-05-13 12:06:10	WARN	Imager::imagecoordinates() (file ../../synthesis/MeasurementEquations/Imager2.cc, line 247)	Frequency conversion will not work 
2019-05-13 12:06:10	WARN	Imager::imagecoordinates() (file ../../synthesis/MeasurementEquations/Imager2.cc, line 247)	Did not get the position of SKA1-MID from data repository
2019-05-13 12:06:10	WARN	Imager::imagecoordinates() (file ../../synthesis/MeasurementEquations/Imager2.cc, line 247)	Please contact CASA to add it to the repository.
2019-05-13 12:06:10	WARN	Imager::imagecoordinates() (file ../../synthesis/MeasurementEquations/Imager2.cc, line 247)	Frequency conversion will not work 
2019-05-13 12:06:10	INFO	imager::createFTMachine() 	Performing interferometric gridding...
2019-05-13 12:06:13	INFO	exportfits::::	
2019-05-13 12:06:13	INFO	exportfits::::+	##########################################
2019-05-13 12:06:13	INFO	exportfits::::+	##### Begin Task: exportfits         #####
2019-05-13 12:06:13	INFO	exportfits::::	exportfits(imagename="simulation1/residual.map",fitsimage="simulation1/residual.map.fits",velocity=False,optical=False,bitpix=-32,
2019-05-13 12:06:13	INFO	exportfits::::+	        minpix=0,maxpix=-1,overwrite=False,dropstokes=False,stokeslast=True,
2019-05-13 12:06:13	INFO	exportfits::::+	        history=True,dropdeg=False)
2019-05-13 12:06:13	INFO	exportfits::::	##### End Task: exportfits           #####
2019-05-13 12:06:13	INFO	exportfits::::+	##########################################
2019-05-13 12:06:13	INFO	Imager::open() 	Opening MeasurementSet /data/simulations/Meq_tutorials/for_meqtrees/MID_pointing_sims/skagit/sim-mid-pointing/meqtrees_simulation/simulation1/PE_1.0_arcsec.ms
2019-05-13 12:06:14	INFO	imager::defineimage()	Defining image properties:nx=512 ny=512 cellx='0.0961arcsec' celly='0.0961arcsec' stokes=I' mode=MFS nchan=-1 start=0 step=0 spwids=[0] fieldid=-1 facets=1 frame=1 distance='0'
2019-05-13 12:06:14	INFO	imager::defineimage()	 phaseCenter='08:00:00.03,  319.25.17.92, ' mStart='Radialvelocity: 0' qStep='0 '' mFreqStart='Frequency: 0
2019-05-13 12:06:14	INFO	imager::setoptions() 	Setting processing options
2019-05-13 12:06:14	INFO	imager::data selection	Performing selection on MeasurementSet : /data/simulations/Meq_tutorials/for_meqtrees/MID_pointing_sims/skagit/sim-mid-pointing/meqtrees_simulation/simulation1/PE_1.0_arcsec.ms
2019-05-13 12:06:14	INFO	imager::data selection	Selecting on spectral windows expression : 0
2019-05-13 12:06:15	INFO	imager::data selection	Selected all 1254890 rows
2019-05-13 12:06:15	INFO	imager::data selection	Selected: [1 chans in spw 0]
2019-05-13 12:06:15	INFO	imager::weight()	Weighting MS: Imaging weights will be changed
2019-05-13 12:06:15	INFO	imager::weight()	Uniform weighting: sidelobes will be suppressed over full image
2019-05-13 12:06:16	INFO	Imager::setvp() 	Setting voltage pattern parameters
2019-05-13 12:06:16	INFO	Imager::setvp() 	Sky position tolerance is 180 degrees
2019-05-13 12:06:16	INFO	Imager::setvp() 	Using user defined voltage patterns in Table simulation1/PE_1.0_arcsec.-vp.tab
2019-05-13 12:06:16	INFO	imager::makeimage() 	Calculating image (without full skyequation)
2019-05-13 12:06:16	INFO	imager::makeimage() 	Making dirty image from model data 
2019-05-13 12:06:16	INFO	imager::makeimage() 	Image is : simulation1/PE_1.0_arcsec.map
2019-05-13 12:06:16	WARN	Imager::imagecoordinates() (file ../../synthesis/MeasurementEquations/Imager2.cc, line 247)	Did not get the position of SKA1-MID from data repository
2019-05-13 12:06:16	WARN	Imager::imagecoordinates() (file ../../synthesis/MeasurementEquations/Imager2.cc, line 247)	Please contact CASA to add it to the repository.
2019-05-13 12:06:16	WARN	Imager::imagecoordinates() (file ../../synthesis/MeasurementEquations/Imager2.cc, line 247)	Frequency conversion will not work 
2019-05-13 12:06:16	WARN	Imager::imagecoordinates() (file ../../synthesis/MeasurementEquations/Imager2.cc, line 247)	Did not get the position of SKA1-MID from data repository
2019-05-13 12:06:16	WARN	Imager::imagecoordinates() (file ../../synthesis/MeasurementEquations/Imager2.cc, line 247)	Please contact CASA to add it to the repository.
2019-05-13 12:06:16	WARN	Imager::imagecoordinates() (file ../../synthesis/MeasurementEquations/Imager2.cc, line 247)	Frequency conversion will not work 
2019-05-13 12:06:16	WARN	Imager::imagecoordinates() (file ../../synthesis/MeasurementEquations/Imager2.cc, line 247)	Did not get the position of SKA1-MID from data repository
2019-05-13 12:06:16	WARN	Imager::imagecoordinates() (file ../../synthesis/MeasurementEquations/Imager2.cc, line 247)	Please contact CASA to add it to the repository.
2019-05-13 12:06:16	WARN	Imager::imagecoordinates() (file ../../synthesis/MeasurementEquations/Imager2.cc, line 247)	Frequency conversion will not work 
2019-05-13 12:06:17	INFO	imager::createFTMachine() 	Performing interferometric gridding...
2019-05-13 12:06:20	INFO	exportfits::::	
2019-05-13 12:06:20	INFO	exportfits::::+	##########################################
2019-05-13 12:06:20	INFO	exportfits::::+	##### Begin Task: exportfits         #####
2019-05-13 12:06:20	INFO	exportfits::::	exportfits(imagename="simulation1/PE_1.0_arcsec.map",fitsimage="simulation1/PE_1.0_arcsec.map.fits",velocity=False,optical=False,bitpix=-32,
2019-05-13 12:06:20	INFO	exportfits::::+	        minpix=0,maxpix=-1,overwrite=False,dropstokes=False,stokeslast=True,
2019-05-13 12:06:20	INFO	exportfits::::+	        history=True,dropdeg=False)
2019-05-13 12:06:20	INFO	exportfits::::	##### End Task: exportfits           #####
2019-05-13 12:06:20	INFO	exportfits::::+	##########################################
2019-05-13 12:06:20	INFO	Imager::open() 	Opening MeasurementSet /data/simulations/Meq_tutorials/for_meqtrees/MID_pointing_sims/skagit/sim-mid-pointing/meqtrees_simulation/simulation1/residual.ms
2019-05-13 12:06:21	INFO	imager::defineimage()	Defining image properties:nx=512 ny=512 cellx='0.0961arcsec' celly='0.0961arcsec' stokes=I' mode=MFS nchan=-1 start=0 step=0 spwids=[0] fieldid=-1 facets=1 frame=1 distance='0'
2019-05-13 12:06:21	INFO	imager::defineimage()	 phaseCenter='08:00:00.03,  319.25.17.92, ' mStart='Radialvelocity: 0' qStep='0 '' mFreqStart='Frequency: 0
2019-05-13 12:06:21	INFO	imager::setoptions() 	Setting processing options
2019-05-13 12:06:21	INFO	imager::data selection	Performing selection on MeasurementSet : /data/simulations/Meq_tutorials/for_meqtrees/MID_pointing_sims/skagit/sim-mid-pointing/meqtrees_simulation/simulation1/residual.ms
2019-05-13 12:06:21	INFO	imager::data selection	Selecting on spectral windows expression : 0
2019-05-13 12:06:22	INFO	imager::data selection	Selected all 1254890 rows
2019-05-13 12:06:22	INFO	imager::data selection	Selected: [1 chans in spw 0]
2019-05-13 12:06:22	INFO	imager::weight()	Weighting MS: Imaging weights will be changed
2019-05-13 12:06:22	INFO	imager::weight()	Uniform weighting: sidelobes will be suppressed over full image
2019-05-13 12:06:23	INFO	Imager::setvp() 	Setting voltage pattern parameters
2019-05-13 12:06:23	INFO	Imager::setvp() 	Sky position tolerance is 180 degrees
2019-05-13 12:06:23	INFO	Imager::setvp() 	Using user defined voltage patterns in Table simulation1/residual.-vp.tab
2019-05-13 12:06:23	INFO	imager::makeimage() 	Calculating image (without full skyequation)
2019-05-13 12:06:23	INFO	imager::makeimage() 	Making dirty image from model data 
2019-05-13 12:06:23	INFO	imager::makeimage() 	Image is : simulation1/residual.map
2019-05-13 12:06:23	WARN	Imager::imagecoordinates() (file ../../synthesis/MeasurementEquations/Imager2.cc, line 247)	Did not get the position of SKA1-MID from data repository
2019-05-13 12:06:23	WARN	Imager::imagecoordinates() (file ../../synthesis/MeasurementEquations/Imager2.cc, line 247)	Please contact CASA to add it to the repository.
2019-05-13 12:06:23	WARN	Imager::imagecoordinates() (file ../../synthesis/MeasurementEquations/Imager2.cc, line 247)	Frequency conversion will not work 
2019-05-13 12:06:24	WARN	Imager::imagecoordinates() (file ../../synthesis/MeasurementEquations/Imager2.cc, line 247)	Did not get the position of SKA1-MID from data repository
2019-05-13 12:06:24	WARN	Imager::imagecoordinates() (file ../../synthesis/MeasurementEquations/Imager2.cc, line 247)	Please contact CASA to add it to the repository.
2019-05-13 12:06:24	WARN	Imager::imagecoordinates() (file ../../synthesis/MeasurementEquations/Imager2.cc, line 247)	Frequency conversion will not work 
2019-05-13 12:06:24	WARN	Imager::imagecoordinates() (file ../../synthesis/MeasurementEquations/Imager2.cc, line 247)	Did not get the position of SKA1-MID from data repository
2019-05-13 12:06:24	WARN	Imager::imagecoordinates() (file ../../synthesis/MeasurementEquations/Imager2.cc, line 247)	Please contact CASA to add it to the repository.
2019-05-13 12:06:24	WARN	Imager::imagecoordinates() (file ../../synthesis/MeasurementEquations/Imager2.cc, line 247)	Frequency conversion will not work 
2019-05-13 12:06:24	INFO	imager::createFTMachine() 	Performing interferometric gridding...
2019-05-13 12:06:27	INFO	exportfits::::	
2019-05-13 12:06:27	INFO	exportfits::::+	##########################################
2019-05-13 12:06:27	INFO	exportfits::::+	##### Begin Task: exportfits         #####
2019-05-13 12:06:27	INFO	exportfits::::	exportfits(imagename="simulation1/residual.map",fitsimage="simulation1/residual.map.fits",velocity=False,optical=False,bitpix=-32,
2019-05-13 12:06:27	INFO	exportfits::::+	        minpix=0,maxpix=-1,overwrite=False,dropstokes=False,stokeslast=True,
2019-05-13 12:06:27	INFO	exportfits::::+	        history=True,dropdeg=False)
2019-05-13 12:06:27	INFO	exportfits::::	##### End Task: exportfits           #####
2019-05-13 12:06:27	INFO	exportfits::::+	##########################################
2019-05-13 12:06:27	INFO	Imager::open() 	Opening MeasurementSet /data/simulations/Meq_tutorials/for_meqtrees/MID_pointing_sims/skagit/sim-mid-pointing/meqtrees_simulation/simulation1/PE_2.0_arcsec.ms
2019-05-13 12:06:28	INFO	imager::defineimage()	Defining image properties:nx=512 ny=512 cellx='0.0961arcsec' celly='0.0961arcsec' stokes=I' mode=MFS nchan=-1 start=0 step=0 spwids=[0] fieldid=-1 facets=1 frame=1 distance='0'
2019-05-13 12:06:28	INFO	imager::defineimage()	 phaseCenter='08:00:00.03,  319.25.17.92, ' mStart='Radialvelocity: 0' qStep='0 '' mFreqStart='Frequency: 0
2019-05-13 12:06:28	INFO	imager::setoptions() 	Setting processing options
2019-05-13 12:06:28	INFO	imager::data selection	Performing selection on MeasurementSet : /data/simulations/Meq_tutorials/for_meqtrees/MID_pointing_sims/skagit/sim-mid-pointing/meqtrees_simulation/simulation1/PE_2.0_arcsec.ms
2019-05-13 12:06:28	INFO	imager::data selection	Selecting on spectral windows expression : 0
2019-05-13 12:06:29	INFO	imager::data selection	Selected all 1254890 rows
2019-05-13 12:06:29	INFO	imager::data selection	Selected: [1 chans in spw 0]
2019-05-13 12:06:29	INFO	imager::weight()	Weighting MS: Imaging weights will be changed
2019-05-13 12:06:29	INFO	imager::weight()	Uniform weighting: sidelobes will be suppressed over full image
2019-05-13 12:06:30	INFO	Imager::setvp() 	Setting voltage pattern parameters
2019-05-13 12:06:30	INFO	Imager::setvp() 	Sky position tolerance is 180 degrees
2019-05-13 12:06:30	INFO	Imager::setvp() 	Using user defined voltage patterns in Table simulation1/PE_2.0_arcsec.-vp.tab
2019-05-13 12:06:30	INFO	imager::makeimage() 	Calculating image (without full skyequation)
2019-05-13 12:06:30	INFO	imager::makeimage() 	Making dirty image from model data 
2019-05-13 12:06:30	INFO	imager::makeimage() 	Image is : simulation1/PE_2.0_arcsec.map
2019-05-13 12:06:30	WARN	Imager::imagecoordinates() (file ../../synthesis/MeasurementEquations/Imager2.cc, line 247)	Did not get the position of SKA1-MID from data repository
2019-05-13 12:06:30	WARN	Imager::imagecoordinates() (file ../../synthesis/MeasurementEquations/Imager2.cc, line 247)	Please contact CASA to add it to the repository.
2019-05-13 12:06:30	WARN	Imager::imagecoordinates() (file ../../synthesis/MeasurementEquations/Imager2.cc, line 247)	Frequency conversion will not work 
2019-05-13 12:06:31	WARN	Imager::imagecoordinates() (file ../../synthesis/MeasurementEquations/Imager2.cc, line 247)	Did not get the position of SKA1-MID from data repository
2019-05-13 12:06:31	WARN	Imager::imagecoordinates() (file ../../synthesis/MeasurementEquations/Imager2.cc, line 247)	Please contact CASA to add it to the repository.
2019-05-13 12:06:31	WARN	Imager::imagecoordinates() (file ../../synthesis/MeasurementEquations/Imager2.cc, line 247)	Frequency conversion will not work 
2019-05-13 12:06:31	WARN	Imager::imagecoordinates() (file ../../synthesis/MeasurementEquations/Imager2.cc, line 247)	Did not get the position of SKA1-MID from data repository
2019-05-13 12:06:31	WARN	Imager::imagecoordinates() (file ../../synthesis/MeasurementEquations/Imager2.cc, line 247)	Please contact CASA to add it to the repository.
2019-05-13 12:06:31	WARN	Imager::imagecoordinates() (file ../../synthesis/MeasurementEquations/Imager2.cc, line 247)	Frequency conversion will not work 
2019-05-13 12:06:31	INFO	imager::createFTMachine() 	Performing interferometric gridding...
2019-05-13 12:06:34	INFO	exportfits::::	
2019-05-13 12:06:34	INFO	exportfits::::+	##########################################
2019-05-13 12:06:34	INFO	exportfits::::+	##### Begin Task: exportfits         #####
2019-05-13 12:06:34	INFO	exportfits::::	exportfits(imagename="simulation1/PE_2.0_arcsec.map",fitsimage="simulation1/PE_2.0_arcsec.map.fits",velocity=False,optical=False,bitpix=-32,
2019-05-13 12:06:34	INFO	exportfits::::+	        minpix=0,maxpix=-1,overwrite=False,dropstokes=False,stokeslast=True,
2019-05-13 12:06:34	INFO	exportfits::::+	        history=True,dropdeg=False)
2019-05-13 12:06:34	INFO	exportfits::::	##### End Task: exportfits           #####
2019-05-13 12:06:34	INFO	exportfits::::+	##########################################
2019-05-13 12:06:34	INFO	Imager::open() 	Opening MeasurementSet /data/simulations/Meq_tutorials/for_meqtrees/MID_pointing_sims/skagit/sim-mid-pointing/meqtrees_simulation/simulation1/residual.ms
2019-05-13 12:06:35	INFO	imager::defineimage()	Defining image properties:nx=512 ny=512 cellx='0.0961arcsec' celly='0.0961arcsec' stokes=I' mode=MFS nchan=-1 start=0 step=0 spwids=[0] fieldid=-1 facets=1 frame=1 distance='0'
2019-05-13 12:06:35	INFO	imager::defineimage()	 phaseCenter='08:00:00.03,  319.25.17.92, ' mStart='Radialvelocity: 0' qStep='0 '' mFreqStart='Frequency: 0
2019-05-13 12:06:35	INFO	imager::setoptions() 	Setting processing options
2019-05-13 12:06:35	INFO	imager::data selection	Performing selection on MeasurementSet : /data/simulations/Meq_tutorials/for_meqtrees/MID_pointing_sims/skagit/sim-mid-pointing/meqtrees_simulation/simulation1/residual.ms
2019-05-13 12:06:35	INFO	imager::data selection	Selecting on spectral windows expression : 0
2019-05-13 12:06:36	INFO	imager::data selection	Selected all 1254890 rows
2019-05-13 12:06:36	INFO	imager::data selection	Selected: [1 chans in spw 0]
2019-05-13 12:06:36	INFO	imager::weight()	Weighting MS: Imaging weights will be changed
2019-05-13 12:06:36	INFO	imager::weight()	Uniform weighting: sidelobes will be suppressed over full image
2019-05-13 12:06:37	INFO	Imager::setvp() 	Setting voltage pattern parameters
2019-05-13 12:06:37	INFO	Imager::setvp() 	Sky position tolerance is 180 degrees
2019-05-13 12:06:37	INFO	Imager::setvp() 	Using user defined voltage patterns in Table simulation1/residual.-vp.tab
2019-05-13 12:06:37	INFO	imager::makeimage() 	Calculating image (without full skyequation)
2019-05-13 12:06:37	INFO	imager::makeimage() 	Making dirty image from model data 
2019-05-13 12:06:37	INFO	imager::makeimage() 	Image is : simulation1/residual.map
2019-05-13 12:06:37	WARN	Imager::imagecoordinates() (file ../../synthesis/MeasurementEquations/Imager2.cc, line 247)	Did not get the position of SKA1-MID from data repository
2019-05-13 12:06:37	WARN	Imager::imagecoordinates() (file ../../synthesis/MeasurementEquations/Imager2.cc, line 247)	Please contact CASA to add it to the repository.
2019-05-13 12:06:37	WARN	Imager::imagecoordinates() (file ../../synthesis/MeasurementEquations/Imager2.cc, line 247)	Frequency conversion will not work 
2019-05-13 12:06:37	WARN	Imager::imagecoordinates() (file ../../synthesis/MeasurementEquations/Imager2.cc, line 247)	Did not get the position of SKA1-MID from data repository
2019-05-13 12:06:37	WARN	Imager::imagecoordinates() (file ../../synthesis/MeasurementEquations/Imager2.cc, line 247)	Please contact CASA to add it to the repository.
2019-05-13 12:06:37	WARN	Imager::imagecoordinates() (file ../../synthesis/MeasurementEquations/Imager2.cc, line 247)	Frequency conversion will not work 
2019-05-13 12:06:37	WARN	Imager::imagecoordinates() (file ../../synthesis/MeasurementEquations/Imager2.cc, line 247)	Did not get the position of SKA1-MID from data repository
2019-05-13 12:06:37	WARN	Imager::imagecoordinates() (file ../../synthesis/MeasurementEquations/Imager2.cc, line 247)	Please contact CASA to add it to the repository.
2019-05-13 12:06:37	WARN	Imager::imagecoordinates() (file ../../synthesis/MeasurementEquations/Imager2.cc, line 247)	Frequency conversion will not work 
2019-05-13 12:06:38	INFO	imager::createFTMachine() 	Performing interferometric gridding...
2019-05-13 12:06:40	INFO	exportfits::::	
2019-05-13 12:06:40	INFO	exportfits::::+	##########################################
2019-05-13 12:06:40	INFO	exportfits::::+	##### Begin Task: exportfits         #####
2019-05-13 12:06:40	INFO	exportfits::::	exportfits(imagename="simulation1/residual.map",fitsimage="simulation1/residual.map.fits",velocity=False,optical=False,bitpix=-32,
2019-05-13 12:06:40	INFO	exportfits::::+	        minpix=0,maxpix=-1,overwrite=False,dropstokes=False,stokeslast=True,
2019-05-13 12:06:40	INFO	exportfits::::+	        history=True,dropdeg=False)
2019-05-13 12:06:40	INFO	exportfits::::	##### End Task: exportfits           #####
2019-05-13 12:06:40	INFO	exportfits::::+	##########################################
2019-05-13 12:06:41	INFO	Imager::open() 	Opening MeasurementSet /data/simulations/Meq_tutorials/for_meqtrees/MID_pointing_sims/skagit/sim-mid-pointing/meqtrees_simulation/simulation1/PE_4.0_arcsec.ms
2019-05-13 12:06:41	INFO	imager::defineimage()	Defining image properties:nx=512 ny=512 cellx='0.0961arcsec' celly='0.0961arcsec' stokes=I' mode=MFS nchan=-1 start=0 step=0 spwids=[0] fieldid=-1 facets=1 frame=1 distance='0'
2019-05-13 12:06:41	INFO	imager::defineimage()	 phaseCenter='08:00:00.03,  319.25.17.92, ' mStart='Radialvelocity: 0' qStep='0 '' mFreqStart='Frequency: 0
2019-05-13 12:06:41	INFO	imager::setoptions() 	Setting processing options
2019-05-13 12:06:41	INFO	imager::data selection	Performing selection on MeasurementSet : /data/simulations/Meq_tutorials/for_meqtrees/MID_pointing_sims/skagit/sim-mid-pointing/meqtrees_simulation/simulation1/PE_4.0_arcsec.ms
2019-05-13 12:06:41	INFO	imager::data selection	Selecting on spectral windows expression : 0
2019-05-13 12:06:42	INFO	imager::data selection	Selected all 1254890 rows
2019-05-13 12:06:42	INFO	imager::data selection	Selected: [1 chans in spw 0]
2019-05-13 12:06:42	INFO	imager::weight()	Weighting MS: Imaging weights will be changed
2019-05-13 12:06:42	INFO	imager::weight()	Uniform weighting: sidelobes will be suppressed over full image
2019-05-13 12:06:43	INFO	Imager::setvp() 	Setting voltage pattern parameters
2019-05-13 12:06:43	INFO	Imager::setvp() 	Sky position tolerance is 180 degrees
2019-05-13 12:06:43	INFO	Imager::setvp() 	Using user defined voltage patterns in Table simulation1/PE_4.0_arcsec.-vp.tab
2019-05-13 12:06:43	INFO	imager::makeimage() 	Calculating image (without full skyequation)
2019-05-13 12:06:43	INFO	imager::makeimage() 	Making dirty image from model data 
2019-05-13 12:06:43	INFO	imager::makeimage() 	Image is : simulation1/PE_4.0_arcsec.map
2019-05-13 12:06:43	WARN	Imager::imagecoordinates() (file ../../synthesis/MeasurementEquations/Imager2.cc, line 247)	Did not get the position of SKA1-MID from data repository
2019-05-13 12:06:43	WARN	Imager::imagecoordinates() (file ../../synthesis/MeasurementEquations/Imager2.cc, line 247)	Please contact CASA to add it to the repository.
2019-05-13 12:06:43	WARN	Imager::imagecoordinates() (file ../../synthesis/MeasurementEquations/Imager2.cc, line 247)	Frequency conversion will not work 
2019-05-13 12:06:43	WARN	Imager::imagecoordinates() (file ../../synthesis/MeasurementEquations/Imager2.cc, line 247)	Did not get the position of SKA1-MID from data repository
2019-05-13 12:06:43	WARN	Imager::imagecoordinates() (file ../../synthesis/MeasurementEquations/Imager2.cc, line 247)	Please contact CASA to add it to the repository.
2019-05-13 12:06:43	WARN	Imager::imagecoordinates() (file ../../synthesis/MeasurementEquations/Imager2.cc, line 247)	Frequency conversion will not work 
2019-05-13 12:06:44	WARN	Imager::imagecoordinates() (file ../../synthesis/MeasurementEquations/Imager2.cc, line 247)	Did not get the position of SKA1-MID from data repository
2019-05-13 12:06:44	WARN	Imager::imagecoordinates() (file ../../synthesis/MeasurementEquations/Imager2.cc, line 247)	Please contact CASA to add it to the repository.
2019-05-13 12:06:44	WARN	Imager::imagecoordinates() (file ../../synthesis/MeasurementEquations/Imager2.cc, line 247)	Frequency conversion will not work 
2019-05-13 12:06:44	INFO	imager::createFTMachine() 	Performing interferometric gridding...
2019-05-13 12:06:46	INFO	exportfits::::	
2019-05-13 12:06:46	INFO	exportfits::::+	##########################################
2019-05-13 12:06:46	INFO	exportfits::::+	##### Begin Task: exportfits         #####
2019-05-13 12:06:46	INFO	exportfits::::	exportfits(imagename="simulation1/PE_4.0_arcsec.map",fitsimage="simulation1/PE_4.0_arcsec.map.fits",velocity=False,optical=False,bitpix=-32,
2019-05-13 12:06:46	INFO	exportfits::::+	        minpix=0,maxpix=-1,overwrite=False,dropstokes=False,stokeslast=True,
2019-05-13 12:06:46	INFO	exportfits::::+	        history=True,dropdeg=False)
2019-05-13 12:06:46	INFO	exportfits::::	##### End Task: exportfits           #####
2019-05-13 12:06:46	INFO	exportfits::::+	##########################################
2019-05-13 12:06:47	INFO	Imager::open() 	Opening MeasurementSet /data/simulations/Meq_tutorials/for_meqtrees/MID_pointing_sims/skagit/sim-mid-pointing/meqtrees_simulation/simulation1/residual.ms
2019-05-13 12:06:48	INFO	imager::defineimage()	Defining image properties:nx=512 ny=512 cellx='0.0961arcsec' celly='0.0961arcsec' stokes=I' mode=MFS nchan=-1 start=0 step=0 spwids=[0] fieldid=-1 facets=1 frame=1 distance='0'
2019-05-13 12:06:48	INFO	imager::defineimage()	 phaseCenter='08:00:00.03,  319.25.17.92, ' mStart='Radialvelocity: 0' qStep='0 '' mFreqStart='Frequency: 0
2019-05-13 12:06:48	INFO	imager::setoptions() 	Setting processing options
2019-05-13 12:06:48	INFO	imager::data selection	Performing selection on MeasurementSet : /data/simulations/Meq_tutorials/for_meqtrees/MID_pointing_sims/skagit/sim-mid-pointing/meqtrees_simulation/simulation1/residual.ms
2019-05-13 12:06:48	INFO	imager::data selection	Selecting on spectral windows expression : 0
2019-05-13 12:06:49	INFO	imager::data selection	Selected all 1254890 rows
2019-05-13 12:06:49	INFO	imager::data selection	Selected: [1 chans in spw 0]
2019-05-13 12:06:49	INFO	imager::weight()	Weighting MS: Imaging weights will be changed
2019-05-13 12:06:49	INFO	imager::weight()	Uniform weighting: sidelobes will be suppressed over full image
2019-05-13 12:06:49	INFO	Imager::setvp() 	Setting voltage pattern parameters
2019-05-13 12:06:49	INFO	Imager::setvp() 	Sky position tolerance is 180 degrees
2019-05-13 12:06:49	INFO	Imager::setvp() 	Using user defined voltage patterns in Table simulation1/residual.-vp.tab
2019-05-13 12:06:49	INFO	imager::makeimage() 	Calculating image (without full skyequation)
2019-05-13 12:06:49	INFO	imager::makeimage() 	Making dirty image from model data 
2019-05-13 12:06:49	INFO	imager::makeimage() 	Image is : simulation1/residual.map
2019-05-13 12:06:49	WARN	Imager::imagecoordinates() (file ../../synthesis/MeasurementEquations/Imager2.cc, line 247)	Did not get the position of SKA1-MID from data repository
2019-05-13 12:06:49	WARN	Imager::imagecoordinates() (file ../../synthesis/MeasurementEquations/Imager2.cc, line 247)	Please contact CASA to add it to the repository.
2019-05-13 12:06:49	WARN	Imager::imagecoordinates() (file ../../synthesis/MeasurementEquations/Imager2.cc, line 247)	Frequency conversion will not work 
2019-05-13 12:06:50	WARN	Imager::imagecoordinates() (file ../../synthesis/MeasurementEquations/Imager2.cc, line 247)	Did not get the position of SKA1-MID from data repository
2019-05-13 12:06:50	WARN	Imager::imagecoordinates() (file ../../synthesis/MeasurementEquations/Imager2.cc, line 247)	Please contact CASA to add it to the repository.
2019-05-13 12:06:50	WARN	Imager::imagecoordinates() (file ../../synthesis/MeasurementEquations/Imager2.cc, line 247)	Frequency conversion will not work 
2019-05-13 12:06:50	WARN	Imager::imagecoordinates() (file ../../synthesis/MeasurementEquations/Imager2.cc, line 247)	Did not get the position of SKA1-MID from data repository
2019-05-13 12:06:50	WARN	Imager::imagecoordinates() (file ../../synthesis/MeasurementEquations/Imager2.cc, line 247)	Please contact CASA to add it to the repository.
2019-05-13 12:06:50	WARN	Imager::imagecoordinates() (file ../../synthesis/MeasurementEquations/Imager2.cc, line 247)	Frequency conversion will not work 
2019-05-13 12:06:50	INFO	imager::createFTMachine() 	Performing interferometric gridding...
2019-05-13 12:06:53	INFO	exportfits::::	
2019-05-13 12:06:53	INFO	exportfits::::+	##########################################
2019-05-13 12:06:53	INFO	exportfits::::+	##### Begin Task: exportfits         #####
2019-05-13 12:06:53	INFO	exportfits::::	exportfits(imagename="simulation1/residual.map",fitsimage="simulation1/residual.map.fits",velocity=False,optical=False,bitpix=-32,
2019-05-13 12:06:53	INFO	exportfits::::+	        minpix=0,maxpix=-1,overwrite=False,dropstokes=False,stokeslast=True,
2019-05-13 12:06:53	INFO	exportfits::::+	        history=True,dropdeg=False)
2019-05-13 12:06:53	INFO	exportfits::::	##### End Task: exportfits           #####
2019-05-13 12:06:53	INFO	exportfits::::+	##########################################
2019-05-13 12:06:53	INFO	Imager::open() 	Opening MeasurementSet /data/simulations/Meq_tutorials/for_meqtrees/MID_pointing_sims/skagit/sim-mid-pointing/meqtrees_simulation/simulation1/PE_8.0_arcsec.ms
2019-05-13 12:06:54	INFO	imager::defineimage()	Defining image properties:nx=512 ny=512 cellx='0.0961arcsec' celly='0.0961arcsec' stokes=I' mode=MFS nchan=-1 start=0 step=0 spwids=[0] fieldid=-1 facets=1 frame=1 distance='0'
2019-05-13 12:06:54	INFO	imager::defineimage()	 phaseCenter='08:00:00.03,  319.25.17.92, ' mStart='Radialvelocity: 0' qStep='0 '' mFreqStart='Frequency: 0
2019-05-13 12:06:54	INFO	imager::setoptions() 	Setting processing options
2019-05-13 12:06:54	INFO	imager::data selection	Performing selection on MeasurementSet : /data/simulations/Meq_tutorials/for_meqtrees/MID_pointing_sims/skagit/sim-mid-pointing/meqtrees_simulation/simulation1/PE_8.0_arcsec.ms
2019-05-13 12:06:54	INFO	imager::data selection	Selecting on spectral windows expression : 0
2019-05-13 12:06:55	INFO	imager::data selection	Selected all 1254890 rows
2019-05-13 12:06:55	INFO	imager::data selection	Selected: [1 chans in spw 0]
2019-05-13 12:06:55	INFO	imager::weight()	Weighting MS: Imaging weights will be changed
2019-05-13 12:06:55	INFO	imager::weight()	Uniform weighting: sidelobes will be suppressed over full image
2019-05-13 12:06:56	INFO	Imager::setvp() 	Setting voltage pattern parameters
2019-05-13 12:06:56	INFO	Imager::setvp() 	Sky position tolerance is 180 degrees
2019-05-13 12:06:56	INFO	Imager::setvp() 	Using user defined voltage patterns in Table simulation1/PE_8.0_arcsec.-vp.tab
2019-05-13 12:06:56	INFO	imager::makeimage() 	Calculating image (without full skyequation)
2019-05-13 12:06:56	INFO	imager::makeimage() 	Making dirty image from model data 
2019-05-13 12:06:56	INFO	imager::makeimage() 	Image is : simulation1/PE_8.0_arcsec.map
2019-05-13 12:06:56	WARN	Imager::imagecoordinates() (file ../../synthesis/MeasurementEquations/Imager2.cc, line 247)	Did not get the position of SKA1-MID from data repository
2019-05-13 12:06:56	WARN	Imager::imagecoordinates() (file ../../synthesis/MeasurementEquations/Imager2.cc, line 247)	Please contact CASA to add it to the repository.
2019-05-13 12:06:56	WARN	Imager::imagecoordinates() (file ../../synthesis/MeasurementEquations/Imager2.cc, line 247)	Frequency conversion will not work 
2019-05-13 12:06:56	WARN	Imager::imagecoordinates() (file ../../synthesis/MeasurementEquations/Imager2.cc, line 247)	Did not get the position of SKA1-MID from data repository
2019-05-13 12:06:56	WARN	Imager::imagecoordinates() (file ../../synthesis/MeasurementEquations/Imager2.cc, line 247)	Please contact CASA to add it to the repository.
2019-05-13 12:06:56	WARN	Imager::imagecoordinates() (file ../../synthesis/MeasurementEquations/Imager2.cc, line 247)	Frequency conversion will not work 
2019-05-13 12:06:56	WARN	Imager::imagecoordinates() (file ../../synthesis/MeasurementEquations/Imager2.cc, line 247)	Did not get the position of SKA1-MID from data repository
2019-05-13 12:06:56	WARN	Imager::imagecoordinates() (file ../../synthesis/MeasurementEquations/Imager2.cc, line 247)	Please contact CASA to add it to the repository.
2019-05-13 12:06:56	WARN	Imager::imagecoordinates() (file ../../synthesis/MeasurementEquations/Imager2.cc, line 247)	Frequency conversion will not work 
2019-05-13 12:06:56	INFO	imager::createFTMachine() 	Performing interferometric gridding...
2019-05-13 12:06:59	INFO	exportfits::::	
2019-05-13 12:06:59	INFO	exportfits::::+	##########################################
2019-05-13 12:06:59	INFO	exportfits::::+	##### Begin Task: exportfits         #####
2019-05-13 12:06:59	INFO	exportfits::::	exportfits(imagename="simulation1/PE_8.0_arcsec.map",fitsimage="simulation1/PE_8.0_arcsec.map.fits",velocity=False,optical=False,bitpix=-32,
2019-05-13 12:06:59	INFO	exportfits::::+	        minpix=0,maxpix=-1,overwrite=False,dropstokes=False,stokeslast=True,
2019-05-13 12:06:59	INFO	exportfits::::+	        history=True,dropdeg=False)
2019-05-13 12:06:59	INFO	exportfits::::	##### End Task: exportfits           #####
2019-05-13 12:06:59	INFO	exportfits::::+	##########################################
2019-05-13 12:07:00	INFO	Imager::open() 	Opening MeasurementSet /data/simulations/Meq_tutorials/for_meqtrees/MID_pointing_sims/skagit/sim-mid-pointing/meqtrees_simulation/simulation1/residual.ms
2019-05-13 12:07:00	INFO	imager::defineimage()	Defining image properties:nx=512 ny=512 cellx='0.0961arcsec' celly='0.0961arcsec' stokes=I' mode=MFS nchan=-1 start=0 step=0 spwids=[0] fieldid=-1 facets=1 frame=1 distance='0'
2019-05-13 12:07:00	INFO	imager::defineimage()	 phaseCenter='08:00:00.03,  319.25.17.92, ' mStart='Radialvelocity: 0' qStep='0 '' mFreqStart='Frequency: 0
2019-05-13 12:07:00	INFO	imager::setoptions() 	Setting processing options
2019-05-13 12:07:00	INFO	imager::data selection	Performing selection on MeasurementSet : /data/simulations/Meq_tutorials/for_meqtrees/MID_pointing_sims/skagit/sim-mid-pointing/meqtrees_simulation/simulation1/residual.ms
2019-05-13 12:07:00	INFO	imager::data selection	Selecting on spectral windows expression : 0
2019-05-13 12:07:01	INFO	imager::data selection	Selected all 1254890 rows
2019-05-13 12:07:01	INFO	imager::data selection	Selected: [1 chans in spw 0]
2019-05-13 12:07:01	INFO	imager::weight()	Weighting MS: Imaging weights will be changed
2019-05-13 12:07:01	INFO	imager::weight()	Uniform weighting: sidelobes will be suppressed over full image
2019-05-13 12:07:02	INFO	Imager::setvp() 	Setting voltage pattern parameters
2019-05-13 12:07:02	INFO	Imager::setvp() 	Sky position tolerance is 180 degrees
2019-05-13 12:07:02	INFO	Imager::setvp() 	Using user defined voltage patterns in Table simulation1/residual.-vp.tab
2019-05-13 12:07:02	INFO	imager::makeimage() 	Calculating image (without full skyequation)
2019-05-13 12:07:02	INFO	imager::makeimage() 	Making dirty image from model data 
2019-05-13 12:07:02	INFO	imager::makeimage() 	Image is : simulation1/residual.map
2019-05-13 12:07:02	WARN	Imager::imagecoordinates() (file ../../synthesis/MeasurementEquations/Imager2.cc, line 247)	Did not get the position of SKA1-MID from data repository
2019-05-13 12:07:02	WARN	Imager::imagecoordinates() (file ../../synthesis/MeasurementEquations/Imager2.cc, line 247)	Please contact CASA to add it to the repository.
2019-05-13 12:07:02	WARN	Imager::imagecoordinates() (file ../../synthesis/MeasurementEquations/Imager2.cc, line 247)	Frequency conversion will not work 
2019-05-13 12:07:02	WARN	Imager::imagecoordinates() (file ../../synthesis/MeasurementEquations/Imager2.cc, line 247)	Did not get the position of SKA1-MID from data repository
2019-05-13 12:07:02	WARN	Imager::imagecoordinates() (file ../../synthesis/MeasurementEquations/Imager2.cc, line 247)	Please contact CASA to add it to the repository.
2019-05-13 12:07:02	WARN	Imager::imagecoordinates() (file ../../synthesis/MeasurementEquations/Imager2.cc, line 247)	Frequency conversion will not work 
2019-05-13 12:07:03	WARN	Imager::imagecoordinates() (file ../../synthesis/MeasurementEquations/Imager2.cc, line 247)	Did not get the position of SKA1-MID from data repository
2019-05-13 12:07:03	WARN	Imager::imagecoordinates() (file ../../synthesis/MeasurementEquations/Imager2.cc, line 247)	Please contact CASA to add it to the repository.
2019-05-13 12:07:03	WARN	Imager::imagecoordinates() (file ../../synthesis/MeasurementEquations/Imager2.cc, line 247)	Frequency conversion will not work 
2019-05-13 12:07:03	INFO	imager::createFTMachine() 	Performing interferometric gridding...
2019-05-13 12:07:06	INFO	exportfits::::	
2019-05-13 12:07:06	INFO	exportfits::::+	##########################################
2019-05-13 12:07:06	INFO	exportfits::::+	##### Begin Task: exportfits         #####
2019-05-13 12:07:06	INFO	exportfits::::	exportfits(imagename="simulation1/residual.map",fitsimage="simulation1/residual.map.fits",velocity=False,optical=False,bitpix=-32,
2019-05-13 12:07:06	INFO	exportfits::::+	        minpix=0,maxpix=-1,overwrite=False,dropstokes=False,stokeslast=True,
2019-05-13 12:07:06	INFO	exportfits::::+	        history=True,dropdeg=False)
2019-05-13 12:07:06	INFO	exportfits::::	##### End Task: exportfits           #####
2019-05-13 12:07:06	INFO	exportfits::::+	##########################################
2019-05-13 12:07:06	INFO	Imager::open() 	Opening MeasurementSet /data/simulations/Meq_tutorials/for_meqtrees/MID_pointing_sims/skagit/sim-mid-pointing/meqtrees_simulation/simulation1/PE_16.0_arcsec.ms
2019-05-13 12:07:07	INFO	imager::defineimage()	Defining image properties:nx=512 ny=512 cellx='0.0961arcsec' celly='0.0961arcsec' stokes=I' mode=MFS nchan=-1 start=0 step=0 spwids=[0] fieldid=-1 facets=1 frame=1 distance='0'
2019-05-13 12:07:07	INFO	imager::defineimage()	 phaseCenter='08:00:00.03,  319.25.17.92, ' mStart='Radialvelocity: 0' qStep='0 '' mFreqStart='Frequency: 0
2019-05-13 12:07:07	INFO	imager::setoptions() 	Setting processing options
2019-05-13 12:07:07	INFO	imager::data selection	Performing selection on MeasurementSet : /data/simulations/Meq_tutorials/for_meqtrees/MID_pointing_sims/skagit/sim-mid-pointing/meqtrees_simulation/simulation1/PE_16.0_arcsec.ms
2019-05-13 12:07:07	INFO	imager::data selection	Selecting on spectral windows expression : 0
2019-05-13 12:07:08	INFO	imager::data selection	Selected all 1254890 rows
2019-05-13 12:07:08	INFO	imager::data selection	Selected: [1 chans in spw 0]
2019-05-13 12:07:08	INFO	imager::weight()	Weighting MS: Imaging weights will be changed
2019-05-13 12:07:08	INFO	imager::weight()	Uniform weighting: sidelobes will be suppressed over full image
2019-05-13 12:07:09	INFO	Imager::setvp() 	Setting voltage pattern parameters
2019-05-13 12:07:09	INFO	Imager::setvp() 	Sky position tolerance is 180 degrees
2019-05-13 12:07:09	INFO	Imager::setvp() 	Using user defined voltage patterns in Table simulation1/PE_16.0_arcsec.-vp.tab
2019-05-13 12:07:09	INFO	imager::makeimage() 	Calculating image (without full skyequation)
2019-05-13 12:07:09	INFO	imager::makeimage() 	Making dirty image from model data 
2019-05-13 12:07:09	INFO	imager::makeimage() 	Image is : simulation1/PE_16.0_arcsec.map
2019-05-13 12:07:09	WARN	Imager::imagecoordinates() (file ../../synthesis/MeasurementEquations/Imager2.cc, line 247)	Did not get the position of SKA1-MID from data repository
2019-05-13 12:07:09	WARN	Imager::imagecoordinates() (file ../../synthesis/MeasurementEquations/Imager2.cc, line 247)	Please contact CASA to add it to the repository.
2019-05-13 12:07:09	WARN	Imager::imagecoordinates() (file ../../synthesis/MeasurementEquations/Imager2.cc, line 247)	Frequency conversion will not work 
2019-05-13 12:07:10	WARN	Imager::imagecoordinates() (file ../../synthesis/MeasurementEquations/Imager2.cc, line 247)	Did not get the position of SKA1-MID from data repository
2019-05-13 12:07:10	WARN	Imager::imagecoordinates() (file ../../synthesis/MeasurementEquations/Imager2.cc, line 247)	Please contact CASA to add it to the repository.
2019-05-13 12:07:10	WARN	Imager::imagecoordinates() (file ../../synthesis/MeasurementEquations/Imager2.cc, line 247)	Frequency conversion will not work 
2019-05-13 12:07:10	WARN	Imager::imagecoordinates() (file ../../synthesis/MeasurementEquations/Imager2.cc, line 247)	Did not get the position of SKA1-MID from data repository
2019-05-13 12:07:10	WARN	Imager::imagecoordinates() (file ../../synthesis/MeasurementEquations/Imager2.cc, line 247)	Please contact CASA to add it to the repository.
2019-05-13 12:07:10	WARN	Imager::imagecoordinates() (file ../../synthesis/MeasurementEquations/Imager2.cc, line 247)	Frequency conversion will not work 
2019-05-13 12:07:10	INFO	imager::createFTMachine() 	Performing interferometric gridding...
2019-05-13 12:07:13	INFO	exportfits::::	
2019-05-13 12:07:13	INFO	exportfits::::+	##########################################
2019-05-13 12:07:13	INFO	exportfits::::+	##### Begin Task: exportfits         #####
2019-05-13 12:07:13	INFO	exportfits::::	exportfits(imagename="simulation1/PE_16.0_arcsec.map",fitsimage="simulation1/PE_16.0_arcsec.map.fits",velocity=False,optical=False,bitpix=-32,
2019-05-13 12:07:13	INFO	exportfits::::+	        minpix=0,maxpix=-1,overwrite=False,dropstokes=False,stokeslast=True,
2019-05-13 12:07:13	INFO	exportfits::::+	        history=True,dropdeg=False)
2019-05-13 12:07:13	INFO	exportfits::::	##### End Task: exportfits           #####
2019-05-13 12:07:13	INFO	exportfits::::+	##########################################
2019-05-13 12:07:13	INFO	Imager::open() 	Opening MeasurementSet /data/simulations/Meq_tutorials/for_meqtrees/MID_pointing_sims/skagit/sim-mid-pointing/meqtrees_simulation/simulation1/residual.ms
2019-05-13 12:07:14	INFO	imager::defineimage()	Defining image properties:nx=512 ny=512 cellx='0.0961arcsec' celly='0.0961arcsec' stokes=I' mode=MFS nchan=-1 start=0 step=0 spwids=[0] fieldid=-1 facets=1 frame=1 distance='0'
2019-05-13 12:07:14	INFO	imager::defineimage()	 phaseCenter='08:00:00.03,  319.25.17.92, ' mStart='Radialvelocity: 0' qStep='0 '' mFreqStart='Frequency: 0
2019-05-13 12:07:14	INFO	imager::setoptions() 	Setting processing options
2019-05-13 12:07:14	INFO	imager::data selection	Performing selection on MeasurementSet : /data/simulations/Meq_tutorials/for_meqtrees/MID_pointing_sims/skagit/sim-mid-pointing/meqtrees_simulation/simulation1/residual.ms
2019-05-13 12:07:14	INFO	imager::data selection	Selecting on spectral windows expression : 0
2019-05-13 12:07:15	INFO	imager::data selection	Selected all 1254890 rows
2019-05-13 12:07:15	INFO	imager::data selection	Selected: [1 chans in spw 0]
2019-05-13 12:07:15	INFO	imager::weight()	Weighting MS: Imaging weights will be changed
2019-05-13 12:07:15	INFO	imager::weight()	Uniform weighting: sidelobes will be suppressed over full image
2019-05-13 12:07:16	INFO	Imager::setvp() 	Setting voltage pattern parameters
2019-05-13 12:07:16	INFO	Imager::setvp() 	Sky position tolerance is 180 degrees
2019-05-13 12:07:16	INFO	Imager::setvp() 	Using user defined voltage patterns in Table simulation1/residual.-vp.tab
2019-05-13 12:07:16	INFO	imager::makeimage() 	Calculating image (without full skyequation)
2019-05-13 12:07:16	INFO	imager::makeimage() 	Making dirty image from model data 
2019-05-13 12:07:16	INFO	imager::makeimage() 	Image is : simulation1/residual.map
2019-05-13 12:07:16	WARN	Imager::imagecoordinates() (file ../../synthesis/MeasurementEquations/Imager2.cc, line 247)	Did not get the position of SKA1-MID from data repository
2019-05-13 12:07:16	WARN	Imager::imagecoordinates() (file ../../synthesis/MeasurementEquations/Imager2.cc, line 247)	Please contact CASA to add it to the repository.
2019-05-13 12:07:16	WARN	Imager::imagecoordinates() (file ../../synthesis/MeasurementEquations/Imager2.cc, line 247)	Frequency conversion will not work 
2019-05-13 12:07:17	WARN	Imager::imagecoordinates() (file ../../synthesis/MeasurementEquations/Imager2.cc, line 247)	Did not get the position of SKA1-MID from data repository
2019-05-13 12:07:17	WARN	Imager::imagecoordinates() (file ../../synthesis/MeasurementEquations/Imager2.cc, line 247)	Please contact CASA to add it to the repository.
2019-05-13 12:07:17	WARN	Imager::imagecoordinates() (file ../../synthesis/MeasurementEquations/Imager2.cc, line 247)	Frequency conversion will not work 
2019-05-13 12:07:17	WARN	Imager::imagecoordinates() (file ../../synthesis/MeasurementEquations/Imager2.cc, line 247)	Did not get the position of SKA1-MID from data repository
2019-05-13 12:07:17	WARN	Imager::imagecoordinates() (file ../../synthesis/MeasurementEquations/Imager2.cc, line 247)	Please contact CASA to add it to the repository.
2019-05-13 12:07:17	WARN	Imager::imagecoordinates() (file ../../synthesis/MeasurementEquations/Imager2.cc, line 247)	Frequency conversion will not work 
2019-05-13 12:07:17	INFO	imager::createFTMachine() 	Performing interferometric gridding...
2019-05-13 12:07:20	INFO	exportfits::::	
2019-05-13 12:07:20	INFO	exportfits::::+	##########################################
2019-05-13 12:07:20	INFO	exportfits::::+	##### Begin Task: exportfits         #####
2019-05-13 12:07:20	INFO	exportfits::::	exportfits(imagename="simulation1/residual.map",fitsimage="simulation1/residual.map.fits",velocity=False,optical=False,bitpix=-32,
2019-05-13 12:07:20	INFO	exportfits::::+	        minpix=0,maxpix=-1,overwrite=False,dropstokes=False,stokeslast=True,
2019-05-13 12:07:20	INFO	exportfits::::+	        history=True,dropdeg=False)
2019-05-13 12:07:20	INFO	exportfits::::	##### End Task: exportfits           #####
2019-05-13 12:07:20	INFO	exportfits::::+	##########################################
2019-05-13 12:07:20	INFO	Imager::open() 	Opening MeasurementSet /data/simulations/Meq_tutorials/for_meqtrees/MID_pointing_sims/skagit/sim-mid-pointing/meqtrees_simulation/simulation1/PE_32.0_arcsec.ms
2019-05-13 12:07:21	INFO	imager::defineimage()	Defining image properties:nx=512 ny=512 cellx='0.0961arcsec' celly='0.0961arcsec' stokes=I' mode=MFS nchan=-1 start=0 step=0 spwids=[0] fieldid=-1 facets=1 frame=1 distance='0'
2019-05-13 12:07:21	INFO	imager::defineimage()	 phaseCenter='08:00:00.03,  319.25.17.92, ' mStart='Radialvelocity: 0' qStep='0 '' mFreqStart='Frequency: 0
2019-05-13 12:07:21	INFO	imager::setoptions() 	Setting processing options
2019-05-13 12:07:21	INFO	imager::data selection	Performing selection on MeasurementSet : /data/simulations/Meq_tutorials/for_meqtrees/MID_pointing_sims/skagit/sim-mid-pointing/meqtrees_simulation/simulation1/PE_32.0_arcsec.ms
2019-05-13 12:07:21	INFO	imager::data selection	Selecting on spectral windows expression : 0
2019-05-13 12:07:22	INFO	imager::data selection	Selected all 1254890 rows
2019-05-13 12:07:22	INFO	imager::data selection	Selected: [1 chans in spw 0]
2019-05-13 12:07:22	INFO	imager::weight()	Weighting MS: Imaging weights will be changed
2019-05-13 12:07:22	INFO	imager::weight()	Uniform weighting: sidelobes will be suppressed over full image
2019-05-13 12:07:23	INFO	Imager::setvp() 	Setting voltage pattern parameters
2019-05-13 12:07:23	INFO	Imager::setvp() 	Sky position tolerance is 180 degrees
2019-05-13 12:07:23	INFO	Imager::setvp() 	Using user defined voltage patterns in Table simulation1/PE_32.0_arcsec.-vp.tab
2019-05-13 12:07:23	INFO	imager::makeimage() 	Calculating image (without full skyequation)
2019-05-13 12:07:23	INFO	imager::makeimage() 	Making dirty image from model data 
2019-05-13 12:07:23	INFO	imager::makeimage() 	Image is : simulation1/PE_32.0_arcsec.map
2019-05-13 12:07:23	WARN	Imager::imagecoordinates() (file ../../synthesis/MeasurementEquations/Imager2.cc, line 247)	Did not get the position of SKA1-MID from data repository
2019-05-13 12:07:23	WARN	Imager::imagecoordinates() (file ../../synthesis/MeasurementEquations/Imager2.cc, line 247)	Please contact CASA to add it to the repository.
2019-05-13 12:07:23	WARN	Imager::imagecoordinates() (file ../../synthesis/MeasurementEquations/Imager2.cc, line 247)	Frequency conversion will not work 
2019-05-13 12:07:24	WARN	Imager::imagecoordinates() (file ../../synthesis/MeasurementEquations/Imager2.cc, line 247)	Did not get the position of SKA1-MID from data repository
2019-05-13 12:07:24	WARN	Imager::imagecoordinates() (file ../../synthesis/MeasurementEquations/Imager2.cc, line 247)	Please contact CASA to add it to the repository.
2019-05-13 12:07:24	WARN	Imager::imagecoordinates() (file ../../synthesis/MeasurementEquations/Imager2.cc, line 247)	Frequency conversion will not work 
2019-05-13 12:07:24	WARN	Imager::imagecoordinates() (file ../../synthesis/MeasurementEquations/Imager2.cc, line 247)	Did not get the position of SKA1-MID from data repository
2019-05-13 12:07:24	WARN	Imager::imagecoordinates() (file ../../synthesis/MeasurementEquations/Imager2.cc, line 247)	Please contact CASA to add it to the repository.
2019-05-13 12:07:24	WARN	Imager::imagecoordinates() (file ../../synthesis/MeasurementEquations/Imager2.cc, line 247)	Frequency conversion will not work 
2019-05-13 12:07:24	INFO	imager::createFTMachine() 	Performing interferometric gridding...
2019-05-13 12:07:27	INFO	exportfits::::	
2019-05-13 12:07:27	INFO	exportfits::::+	##########################################
2019-05-13 12:07:27	INFO	exportfits::::+	##### Begin Task: exportfits         #####
2019-05-13 12:07:27	INFO	exportfits::::	exportfits(imagename="simulation1/PE_32.0_arcsec.map",fitsimage="simulation1/PE_32.0_arcsec.map.fits",velocity=False,optical=False,bitpix=-32,
2019-05-13 12:07:27	INFO	exportfits::::+	        minpix=0,maxpix=-1,overwrite=False,dropstokes=False,stokeslast=True,
2019-05-13 12:07:27	INFO	exportfits::::+	        history=True,dropdeg=False)
2019-05-13 12:07:27	INFO	exportfits::::	##### End Task: exportfits           #####
2019-05-13 12:07:27	INFO	exportfits::::+	##########################################
2019-05-13 12:07:27	INFO	Imager::open() 	Opening MeasurementSet /data/simulations/Meq_tutorials/for_meqtrees/MID_pointing_sims/skagit/sim-mid-pointing/meqtrees_simulation/simulation1/residual.ms
2019-05-13 12:07:28	INFO	imager::defineimage()	Defining image properties:nx=512 ny=512 cellx='0.0961arcsec' celly='0.0961arcsec' stokes=I' mode=MFS nchan=-1 start=0 step=0 spwids=[0] fieldid=-1 facets=1 frame=1 distance='0'
2019-05-13 12:07:28	INFO	imager::defineimage()	 phaseCenter='08:00:00.03,  319.25.17.92, ' mStart='Radialvelocity: 0' qStep='0 '' mFreqStart='Frequency: 0
2019-05-13 12:07:28	INFO	imager::setoptions() 	Setting processing options
2019-05-13 12:07:28	INFO	imager::data selection	Performing selection on MeasurementSet : /data/simulations/Meq_tutorials/for_meqtrees/MID_pointing_sims/skagit/sim-mid-pointing/meqtrees_simulation/simulation1/residual.ms
2019-05-13 12:07:28	INFO	imager::data selection	Selecting on spectral windows expression : 0
2019-05-13 12:07:29	INFO	imager::data selection	Selected all 1254890 rows
2019-05-13 12:07:29	INFO	imager::data selection	Selected: [1 chans in spw 0]
2019-05-13 12:07:29	INFO	imager::weight()	Weighting MS: Imaging weights will be changed
2019-05-13 12:07:29	INFO	imager::weight()	Uniform weighting: sidelobes will be suppressed over full image
2019-05-13 12:07:31	INFO	Imager::setvp() 	Setting voltage pattern parameters
2019-05-13 12:07:31	INFO	Imager::setvp() 	Sky position tolerance is 180 degrees
2019-05-13 12:07:31	INFO	Imager::setvp() 	Using user defined voltage patterns in Table simulation1/residual.-vp.tab
2019-05-13 12:07:31	INFO	imager::makeimage() 	Calculating image (without full skyequation)
2019-05-13 12:07:31	INFO	imager::makeimage() 	Making dirty image from model data 
2019-05-13 12:07:31	INFO	imager::makeimage() 	Image is : simulation1/residual.map
2019-05-13 12:07:31	WARN	Imager::imagecoordinates() (file ../../synthesis/MeasurementEquations/Imager2.cc, line 247)	Did not get the position of SKA1-MID from data repository
2019-05-13 12:07:31	WARN	Imager::imagecoordinates() (file ../../synthesis/MeasurementEquations/Imager2.cc, line 247)	Please contact CASA to add it to the repository.
2019-05-13 12:07:31	WARN	Imager::imagecoordinates() (file ../../synthesis/MeasurementEquations/Imager2.cc, line 247)	Frequency conversion will not work 
2019-05-13 12:07:31	WARN	Imager::imagecoordinates() (file ../../synthesis/MeasurementEquations/Imager2.cc, line 247)	Did not get the position of SKA1-MID from data repository
2019-05-13 12:07:31	WARN	Imager::imagecoordinates() (file ../../synthesis/MeasurementEquations/Imager2.cc, line 247)	Please contact CASA to add it to the repository.
2019-05-13 12:07:31	WARN	Imager::imagecoordinates() (file ../../synthesis/MeasurementEquations/Imager2.cc, line 247)	Frequency conversion will not work 
2019-05-13 12:07:31	WARN	Imager::imagecoordinates() (file ../../synthesis/MeasurementEquations/Imager2.cc, line 247)	Did not get the position of SKA1-MID from data repository
2019-05-13 12:07:31	WARN	Imager::imagecoordinates() (file ../../synthesis/MeasurementEquations/Imager2.cc, line 247)	Please contact CASA to add it to the repository.
2019-05-13 12:07:31	WARN	Imager::imagecoordinates() (file ../../synthesis/MeasurementEquations/Imager2.cc, line 247)	Frequency conversion will not work 
2019-05-13 12:07:31	INFO	imager::createFTMachine() 	Performing interferometric gridding...
2019-05-13 12:07:34	INFO	exportfits::::	
2019-05-13 12:07:34	INFO	exportfits::::+	##########################################
2019-05-13 12:07:34	INFO	exportfits::::+	##### Begin Task: exportfits         #####
2019-05-13 12:07:34	INFO	exportfits::::	exportfits(imagename="simulation1/residual.map",fitsimage="simulation1/residual.map.fits",velocity=False,optical=False,bitpix=-32,
2019-05-13 12:07:34	INFO	exportfits::::+	        minpix=0,maxpix=-1,overwrite=False,dropstokes=False,stokeslast=True,
2019-05-13 12:07:34	INFO	exportfits::::+	        history=True,dropdeg=False)
2019-05-13 12:07:34	INFO	exportfits::::	##### End Task: exportfits           #####
2019-05-13 12:07:34	INFO	exportfits::::+	##########################################
2019-05-13 12:07:35	INFO	Imager::open() 	Opening MeasurementSet /data/simulations/Meq_tutorials/for_meqtrees/MID_pointing_sims/skagit/sim-mid-pointing/meqtrees_simulation/simulation1/PE_128.0_arcsec.ms
2019-05-13 12:07:36	INFO	imager::defineimage()	Defining image properties:nx=512 ny=512 cellx='0.0961arcsec' celly='0.0961arcsec' stokes=I' mode=MFS nchan=-1 start=0 step=0 spwids=[0] fieldid=-1 facets=1 frame=1 distance='0'
2019-05-13 12:07:36	INFO	imager::defineimage()	 phaseCenter='08:00:00.03,  319.25.17.92, ' mStart='Radialvelocity: 0' qStep='0 '' mFreqStart='Frequency: 0
2019-05-13 12:07:36	INFO	imager::setoptions() 	Setting processing options
2019-05-13 12:07:36	INFO	imager::data selection	Performing selection on MeasurementSet : /data/simulations/Meq_tutorials/for_meqtrees/MID_pointing_sims/skagit/sim-mid-pointing/meqtrees_simulation/simulation1/PE_128.0_arcsec.ms
2019-05-13 12:07:36	INFO	imager::data selection	Selecting on spectral windows expression : 0
2019-05-13 12:07:37	INFO	imager::data selection	Selected all 1254890 rows
2019-05-13 12:07:37	INFO	imager::data selection	Selected: [1 chans in spw 0]
2019-05-13 12:07:37	INFO	imager::weight()	Weighting MS: Imaging weights will be changed
2019-05-13 12:07:37	INFO	imager::weight()	Uniform weighting: sidelobes will be suppressed over full image
2019-05-13 12:07:38	INFO	Imager::setvp() 	Setting voltage pattern parameters
2019-05-13 12:07:38	INFO	Imager::setvp() 	Sky position tolerance is 180 degrees
2019-05-13 12:07:38	INFO	Imager::setvp() 	Using user defined voltage patterns in Table simulation1/PE_128.0_arcsec.-vp.tab
2019-05-13 12:07:38	INFO	imager::makeimage() 	Calculating image (without full skyequation)
2019-05-13 12:07:38	INFO	imager::makeimage() 	Making dirty image from model data 
2019-05-13 12:07:38	INFO	imager::makeimage() 	Image is : simulation1/PE_128.0_arcsec.map
2019-05-13 12:07:38	WARN	Imager::imagecoordinates() (file ../../synthesis/MeasurementEquations/Imager2.cc, line 247)	Did not get the position of SKA1-MID from data repository
2019-05-13 12:07:38	WARN	Imager::imagecoordinates() (file ../../synthesis/MeasurementEquations/Imager2.cc, line 247)	Please contact CASA to add it to the repository.
2019-05-13 12:07:38	WARN	Imager::imagecoordinates() (file ../../synthesis/MeasurementEquations/Imager2.cc, line 247)	Frequency conversion will not work 
2019-05-13 12:07:38	WARN	Imager::imagecoordinates() (file ../../synthesis/MeasurementEquations/Imager2.cc, line 247)	Did not get the position of SKA1-MID from data repository
2019-05-13 12:07:38	WARN	Imager::imagecoordinates() (file ../../synthesis/MeasurementEquations/Imager2.cc, line 247)	Please contact CASA to add it to the repository.
2019-05-13 12:07:38	WARN	Imager::imagecoordinates() (file ../../synthesis/MeasurementEquations/Imager2.cc, line 247)	Frequency conversion will not work 
2019-05-13 12:07:38	WARN	Imager::imagecoordinates() (file ../../synthesis/MeasurementEquations/Imager2.cc, line 247)	Did not get the position of SKA1-MID from data repository
2019-05-13 12:07:38	WARN	Imager::imagecoordinates() (file ../../synthesis/MeasurementEquations/Imager2.cc, line 247)	Please contact CASA to add it to the repository.
2019-05-13 12:07:38	WARN	Imager::imagecoordinates() (file ../../synthesis/MeasurementEquations/Imager2.cc, line 247)	Frequency conversion will not work 
2019-05-13 12:07:38	INFO	imager::createFTMachine() 	Performing interferometric gridding...
2019-05-13 12:07:41	INFO	exportfits::::	
2019-05-13 12:07:41	INFO	exportfits::::+	##########################################
2019-05-13 12:07:41	INFO	exportfits::::+	##### Begin Task: exportfits         #####
2019-05-13 12:07:41	INFO	exportfits::::	exportfits(imagename="simulation1/PE_128.0_arcsec.map",fitsimage="simulation1/PE_128.0_arcsec.map.fits",velocity=False,optical=False,bitpix=-32,
2019-05-13 12:07:41	INFO	exportfits::::+	        minpix=0,maxpix=-1,overwrite=False,dropstokes=False,stokeslast=True,
2019-05-13 12:07:41	INFO	exportfits::::+	        history=True,dropdeg=False)
2019-05-13 12:07:41	INFO	exportfits::::	##### End Task: exportfits           #####
2019-05-13 12:07:41	INFO	exportfits::::+	##########################################
2019-05-13 12:07:42	INFO	Imager::open() 	Opening MeasurementSet /data/simulations/Meq_tutorials/for_meqtrees/MID_pointing_sims/skagit/sim-mid-pointing/meqtrees_simulation/simulation1/residual.ms
2019-05-13 12:07:43	INFO	imager::defineimage()	Defining image properties:nx=512 ny=512 cellx='0.0961arcsec' celly='0.0961arcsec' stokes=I' mode=MFS nchan=-1 start=0 step=0 spwids=[0] fieldid=-1 facets=1 frame=1 distance='0'
2019-05-13 12:07:43	INFO	imager::defineimage()	 phaseCenter='08:00:00.03,  319.25.17.92, ' mStart='Radialvelocity: 0' qStep='0 '' mFreqStart='Frequency: 0
2019-05-13 12:07:43	INFO	imager::setoptions() 	Setting processing options
2019-05-13 12:07:43	INFO	imager::data selection	Performing selection on MeasurementSet : /data/simulations/Meq_tutorials/for_meqtrees/MID_pointing_sims/skagit/sim-mid-pointing/meqtrees_simulation/simulation1/residual.ms
2019-05-13 12:07:43	INFO	imager::data selection	Selecting on spectral windows expression : 0
2019-05-13 12:07:44	INFO	imager::data selection	Selected all 1254890 rows
2019-05-13 12:07:44	INFO	imager::data selection	Selected: [1 chans in spw 0]
2019-05-13 12:07:44	INFO	imager::weight()	Weighting MS: Imaging weights will be changed
2019-05-13 12:07:44	INFO	imager::weight()	Uniform weighting: sidelobes will be suppressed over full image
2019-05-13 12:07:45	INFO	Imager::setvp() 	Setting voltage pattern parameters
2019-05-13 12:07:45	INFO	Imager::setvp() 	Sky position tolerance is 180 degrees
2019-05-13 12:07:45	INFO	Imager::setvp() 	Using user defined voltage patterns in Table simulation1/residual.-vp.tab
2019-05-13 12:07:45	INFO	imager::makeimage() 	Calculating image (without full skyequation)
2019-05-13 12:07:45	INFO	imager::makeimage() 	Making dirty image from model data 
2019-05-13 12:07:45	INFO	imager::makeimage() 	Image is : simulation1/residual.map
2019-05-13 12:07:45	WARN	Imager::imagecoordinates() (file ../../synthesis/MeasurementEquations/Imager2.cc, line 247)	Did not get the position of SKA1-MID from data repository
2019-05-13 12:07:45	WARN	Imager::imagecoordinates() (file ../../synthesis/MeasurementEquations/Imager2.cc, line 247)	Please contact CASA to add it to the repository.
2019-05-13 12:07:45	WARN	Imager::imagecoordinates() (file ../../synthesis/MeasurementEquations/Imager2.cc, line 247)	Frequency conversion will not work 
2019-05-13 12:07:45	WARN	Imager::imagecoordinates() (file ../../synthesis/MeasurementEquations/Imager2.cc, line 247)	Did not get the position of SKA1-MID from data repository
2019-05-13 12:07:45	WARN	Imager::imagecoordinates() (file ../../synthesis/MeasurementEquations/Imager2.cc, line 247)	Please contact CASA to add it to the repository.
2019-05-13 12:07:45	WARN	Imager::imagecoordinates() (file ../../synthesis/MeasurementEquations/Imager2.cc, line 247)	Frequency conversion will not work 
2019-05-13 12:07:45	WARN	Imager::imagecoordinates() (file ../../synthesis/MeasurementEquations/Imager2.cc, line 247)	Did not get the position of SKA1-MID from data repository
2019-05-13 12:07:45	WARN	Imager::imagecoordinates() (file ../../synthesis/MeasurementEquations/Imager2.cc, line 247)	Please contact CASA to add it to the repository.
2019-05-13 12:07:45	WARN	Imager::imagecoordinates() (file ../../synthesis/MeasurementEquations/Imager2.cc, line 247)	Frequency conversion will not work 
2019-05-13 12:07:45	INFO	imager::createFTMachine() 	Performing interferometric gridding...
2019-05-13 12:07:48	INFO	exportfits::::	
2019-05-13 12:07:48	INFO	exportfits::::+	##########################################
2019-05-13 12:07:48	INFO	exportfits::::+	##### Begin Task: exportfits         #####
2019-05-13 12:07:48	INFO	exportfits::::	exportfits(imagename="simulation1/residual.map",fitsimage="simulation1/residual.map.fits",velocity=False,optical=False,bitpix=-32,
2019-05-13 12:07:48	INFO	exportfits::::+	        minpix=0,maxpix=-1,overwrite=False,dropstokes=False,stokeslast=True,
2019-05-13 12:07:48	INFO	exportfits::::+	        history=True,dropdeg=False)
2019-05-13 12:07:48	INFO	exportfits::::	##### End Task: exportfits           #####
2019-05-13 12:07:48	INFO	exportfits::::+	##########################################
2019-05-13 12:07:49	INFO	Imager::open() 	Opening MeasurementSet /data/simulations/Meq_tutorials/for_meqtrees/MID_pointing_sims/skagit/sim-mid-pointing/meqtrees_simulation/simulation1/PE_256.0_arcsec.ms
2019-05-13 12:07:50	INFO	imager::defineimage()	Defining image properties:nx=512 ny=512 cellx='0.0961arcsec' celly='0.0961arcsec' stokes=I' mode=MFS nchan=-1 start=0 step=0 spwids=[0] fieldid=-1 facets=1 frame=1 distance='0'
2019-05-13 12:07:50	INFO	imager::defineimage()	 phaseCenter='08:00:00.03,  319.25.17.92, ' mStart='Radialvelocity: 0' qStep='0 '' mFreqStart='Frequency: 0
2019-05-13 12:07:50	INFO	imager::setoptions() 	Setting processing options
2019-05-13 12:07:50	INFO	imager::data selection	Performing selection on MeasurementSet : /data/simulations/Meq_tutorials/for_meqtrees/MID_pointing_sims/skagit/sim-mid-pointing/meqtrees_simulation/simulation1/PE_256.0_arcsec.ms
2019-05-13 12:07:50	INFO	imager::data selection	Selecting on spectral windows expression : 0
2019-05-13 12:07:51	INFO	imager::data selection	Selected all 1254890 rows
2019-05-13 12:07:51	INFO	imager::data selection	Selected: [1 chans in spw 0]
2019-05-13 12:07:51	INFO	imager::weight()	Weighting MS: Imaging weights will be changed
2019-05-13 12:07:51	INFO	imager::weight()	Uniform weighting: sidelobes will be suppressed over full image
2019-05-13 12:07:52	INFO	Imager::setvp() 	Setting voltage pattern parameters
2019-05-13 12:07:52	INFO	Imager::setvp() 	Sky position tolerance is 180 degrees
2019-05-13 12:07:52	INFO	Imager::setvp() 	Using user defined voltage patterns in Table simulation1/PE_256.0_arcsec.-vp.tab
2019-05-13 12:07:52	INFO	imager::makeimage() 	Calculating image (without full skyequation)
2019-05-13 12:07:52	INFO	imager::makeimage() 	Making dirty image from model data 
2019-05-13 12:07:52	INFO	imager::makeimage() 	Image is : simulation1/PE_256.0_arcsec.map
2019-05-13 12:07:52	WARN	Imager::imagecoordinates() (file ../../synthesis/MeasurementEquations/Imager2.cc, line 247)	Did not get the position of SKA1-MID from data repository
2019-05-13 12:07:52	WARN	Imager::imagecoordinates() (file ../../synthesis/MeasurementEquations/Imager2.cc, line 247)	Please contact CASA to add it to the repository.
2019-05-13 12:07:52	WARN	Imager::imagecoordinates() (file ../../synthesis/MeasurementEquations/Imager2.cc, line 247)	Frequency conversion will not work 
2019-05-13 12:07:52	WARN	Imager::imagecoordinates() (file ../../synthesis/MeasurementEquations/Imager2.cc, line 247)	Did not get the position of SKA1-MID from data repository
2019-05-13 12:07:52	WARN	Imager::imagecoordinates() (file ../../synthesis/MeasurementEquations/Imager2.cc, line 247)	Please contact CASA to add it to the repository.
2019-05-13 12:07:52	WARN	Imager::imagecoordinates() (file ../../synthesis/MeasurementEquations/Imager2.cc, line 247)	Frequency conversion will not work 
2019-05-13 12:07:52	WARN	Imager::imagecoordinates() (file ../../synthesis/MeasurementEquations/Imager2.cc, line 247)	Did not get the position of SKA1-MID from data repository
2019-05-13 12:07:52	WARN	Imager::imagecoordinates() (file ../../synthesis/MeasurementEquations/Imager2.cc, line 247)	Please contact CASA to add it to the repository.
2019-05-13 12:07:52	WARN	Imager::imagecoordinates() (file ../../synthesis/MeasurementEquations/Imager2.cc, line 247)	Frequency conversion will not work 
2019-05-13 12:07:52	INFO	imager::createFTMachine() 	Performing interferometric gridding...
2019-05-13 12:07:55	INFO	exportfits::::	
2019-05-13 12:07:55	INFO	exportfits::::+	##########################################
2019-05-13 12:07:55	INFO	exportfits::::+	##### Begin Task: exportfits         #####
2019-05-13 12:07:55	INFO	exportfits::::	exportfits(imagename="simulation1/PE_256.0_arcsec.map",fitsimage="simulation1/PE_256.0_arcsec.map.fits",velocity=False,optical=False,bitpix=-32,
2019-05-13 12:07:55	INFO	exportfits::::+	        minpix=0,maxpix=-1,overwrite=False,dropstokes=False,stokeslast=True,
2019-05-13 12:07:55	INFO	exportfits::::+	        history=True,dropdeg=False)
2019-05-13 12:07:55	INFO	exportfits::::	##### End Task: exportfits           #####
2019-05-13 12:07:55	INFO	exportfits::::+	##########################################
2019-05-13 12:07:56	INFO	Imager::open() 	Opening MeasurementSet /data/simulations/Meq_tutorials/for_meqtrees/MID_pointing_sims/skagit/sim-mid-pointing/meqtrees_simulation/simulation1/residual.ms
2019-05-13 12:07:57	INFO	imager::defineimage()	Defining image properties:nx=512 ny=512 cellx='0.0961arcsec' celly='0.0961arcsec' stokes=I' mode=MFS nchan=-1 start=0 step=0 spwids=[0] fieldid=-1 facets=1 frame=1 distance='0'
2019-05-13 12:07:57	INFO	imager::defineimage()	 phaseCenter='08:00:00.03,  319.25.17.92, ' mStart='Radialvelocity: 0' qStep='0 '' mFreqStart='Frequency: 0
2019-05-13 12:07:57	INFO	imager::setoptions() 	Setting processing options
2019-05-13 12:07:57	INFO	imager::data selection	Performing selection on MeasurementSet : /data/simulations/Meq_tutorials/for_meqtrees/MID_pointing_sims/skagit/sim-mid-pointing/meqtrees_simulation/simulation1/residual.ms
2019-05-13 12:07:57	INFO	imager::data selection	Selecting on spectral windows expression : 0
2019-05-13 12:07:58	INFO	imager::data selection	Selected all 1254890 rows
2019-05-13 12:07:58	INFO	imager::data selection	Selected: [1 chans in spw 0]
2019-05-13 12:07:58	INFO	imager::weight()	Weighting MS: Imaging weights will be changed
2019-05-13 12:07:58	INFO	imager::weight()	Uniform weighting: sidelobes will be suppressed over full image
2019-05-13 12:07:59	INFO	Imager::setvp() 	Setting voltage pattern parameters
2019-05-13 12:07:59	INFO	Imager::setvp() 	Sky position tolerance is 180 degrees
2019-05-13 12:07:59	INFO	Imager::setvp() 	Using user defined voltage patterns in Table simulation1/residual.-vp.tab
2019-05-13 12:07:59	INFO	imager::makeimage() 	Calculating image (without full skyequation)
2019-05-13 12:07:59	INFO	imager::makeimage() 	Making dirty image from model data 
2019-05-13 12:07:59	INFO	imager::makeimage() 	Image is : simulation1/residual.map
2019-05-13 12:07:59	WARN	Imager::imagecoordinates() (file ../../synthesis/MeasurementEquations/Imager2.cc, line 247)	Did not get the position of SKA1-MID from data repository
2019-05-13 12:07:59	WARN	Imager::imagecoordinates() (file ../../synthesis/MeasurementEquations/Imager2.cc, line 247)	Please contact CASA to add it to the repository.
2019-05-13 12:07:59	WARN	Imager::imagecoordinates() (file ../../synthesis/MeasurementEquations/Imager2.cc, line 247)	Frequency conversion will not work 
2019-05-13 12:07:59	WARN	Imager::imagecoordinates() (file ../../synthesis/MeasurementEquations/Imager2.cc, line 247)	Did not get the position of SKA1-MID from data repository
2019-05-13 12:07:59	WARN	Imager::imagecoordinates() (file ../../synthesis/MeasurementEquations/Imager2.cc, line 247)	Please contact CASA to add it to the repository.
2019-05-13 12:07:59	WARN	Imager::imagecoordinates() (file ../../synthesis/MeasurementEquations/Imager2.cc, line 247)	Frequency conversion will not work 
2019-05-13 12:07:59	WARN	Imager::imagecoordinates() (file ../../synthesis/MeasurementEquations/Imager2.cc, line 247)	Did not get the position of SKA1-MID from data repository
2019-05-13 12:07:59	WARN	Imager::imagecoordinates() (file ../../synthesis/MeasurementEquations/Imager2.cc, line 247)	Please contact CASA to add it to the repository.
2019-05-13 12:07:59	WARN	Imager::imagecoordinates() (file ../../synthesis/MeasurementEquations/Imager2.cc, line 247)	Frequency conversion will not work 
2019-05-13 12:07:59	INFO	imager::createFTMachine() 	Performing interferometric gridding...
2019-05-13 12:08:02	INFO	exportfits::::	
2019-05-13 12:08:02	INFO	exportfits::::+	##########################################
2019-05-13 12:08:02	INFO	exportfits::::+	##### Begin Task: exportfits         #####
2019-05-13 12:08:02	INFO	exportfits::::	exportfits(imagename="simulation1/residual.map",fitsimage="simulation1/residual.map.fits",velocity=False,optical=False,bitpix=-32,
2019-05-13 12:08:02	INFO	exportfits::::+	        minpix=0,maxpix=-1,overwrite=False,dropstokes=False,stokeslast=True,
2019-05-13 12:08:02	INFO	exportfits::::+	        history=True,dropdeg=False)
2019-05-13 12:08:03	INFO	exportfits::::	##### End Task: exportfits           #####
2019-05-13 12:08:03	INFO	exportfits::::+	##########################################
