
2019-05-09 14:41:17	INFO	::casa	
2019-05-09 14:41:17	INFO	::casa	Checking telemetry submission interval
2019-05-09 14:41:17	INFO	::casa	Telemetry submit interval not reached. Not submitting data.
2019-05-09 14:41:17	INFO	::casa	Next telemetry data submission in: 5 days, 1:07:00.334619
2019-05-09 14:41:17	INFO	::casa	CASA Version 5.4.1-32  
2019-05-09 14:41:19	INFO	Imager::open() 	Opening MeasurementSet /data/simulations/Meq_tutorials/for_meqtrees/MID_pointing_sims/meqtrees_simulation/PE_0.0_arcsec.ms
2019-05-09 14:41:20	INFO	imager::defineimage()	Defining image properties:nx=512 ny=512 cellx='0.0961arcsec' celly='0.0961arcsec' stokes=I' mode=MFS nchan=-1 start=0 step=0 spwids=[0] fieldid=-1 facets=1 frame=1 distance='0'
2019-05-09 14:41:20	INFO	imager::defineimage()	 phaseCenter='08:00:00.03,  319.25.17.92, ' mStart='Radialvelocity: 0' qStep='0 '' mFreqStart='Frequency: 0
2019-05-09 14:41:20	INFO	imager::setoptions() 	Setting processing options
2019-05-09 14:41:20	INFO	imager::data selection	Performing selection on MeasurementSet : /data/simulations/Meq_tutorials/for_meqtrees/MID_pointing_sims/meqtrees_simulation/PE_0.0_arcsec.ms
2019-05-09 14:41:20	INFO	imager::data selection	Selecting on spectral windows expression : 0
2019-05-09 14:41:21	INFO	imager::data selection	Selected all 1254890 rows
2019-05-09 14:41:21	INFO	imager::data selection	Selected: [1 chans in spw 0]
2019-05-09 14:41:21	INFO	imager::weight()	Weighting MS: Imaging weights will be changed
2019-05-09 14:41:21	INFO	imager::weight()	Uniform weighting: sidelobes will be suppressed over specified field of view: 7200 arcsec
2019-05-09 14:42:10	INFO	Imager::setvp() 	Setting voltage pattern parameters
2019-05-09 14:42:10	INFO	Imager::setvp() 	Sky position tolerance is 180 degrees
2019-05-09 14:42:10	INFO	Imager::setvp() 	Using user defined voltage patterns in Table PE_0.0_arcsec.-vp.tab
2019-05-09 14:42:10	INFO	imager::makeimage() 	Calculating image (without full skyequation)
2019-05-09 14:42:10	INFO	imager::makeimage() 	Making dirty image from model data 
2019-05-09 14:42:10	INFO	imager::makeimage() 	Image is : PE_0.0_arcsec.map
2019-05-09 14:42:10	WARN	Imager::imagecoordinates() (file ../../synthesis/MeasurementEquations/Imager2.cc, line 247)	Did not get the position of SKA1-MID from data repository
2019-05-09 14:42:10	WARN	Imager::imagecoordinates() (file ../../synthesis/MeasurementEquations/Imager2.cc, line 247)	Please contact CASA to add it to the repository.
2019-05-09 14:42:10	WARN	Imager::imagecoordinates() (file ../../synthesis/MeasurementEquations/Imager2.cc, line 247)	Frequency conversion will not work 
2019-05-09 14:42:10	WARN	Imager::imagecoordinates() (file ../../synthesis/MeasurementEquations/Imager2.cc, line 247)	Did not get the position of SKA1-MID from data repository
2019-05-09 14:42:10	WARN	Imager::imagecoordinates() (file ../../synthesis/MeasurementEquations/Imager2.cc, line 247)	Please contact CASA to add it to the repository.
2019-05-09 14:42:10	WARN	Imager::imagecoordinates() (file ../../synthesis/MeasurementEquations/Imager2.cc, line 247)	Frequency conversion will not work 
2019-05-09 14:42:10	WARN	Imager::imagecoordinates() (file ../../synthesis/MeasurementEquations/Imager2.cc, line 247)	Did not get the position of SKA1-MID from data repository
2019-05-09 14:42:10	WARN	Imager::imagecoordinates() (file ../../synthesis/MeasurementEquations/Imager2.cc, line 247)	Please contact CASA to add it to the repository.
2019-05-09 14:42:10	WARN	Imager::imagecoordinates() (file ../../synthesis/MeasurementEquations/Imager2.cc, line 247)	Frequency conversion will not work 
2019-05-09 14:42:10	INFO	imager::createFTMachine() 	Performing interferometric gridding...
2019-05-09 14:42:16	INFO	exportfits::::	
2019-05-09 14:42:16	INFO	exportfits::::+	##########################################
2019-05-09 14:42:16	INFO	exportfits::::+	##### Begin Task: exportfits         #####
2019-05-09 14:42:16	INFO	exportfits::::	exportfits(imagename="PE_0.0_arcsec.map",fitsimage="PE_0.0_arcsec.map.fits",velocity=False,optical=False,bitpix=-32,
2019-05-09 14:42:16	INFO	exportfits::::+	        minpix=0,maxpix=-1,overwrite=False,dropstokes=False,stokeslast=True,
2019-05-09 14:42:16	INFO	exportfits::::+	        history=True,dropdeg=False)
2019-05-09 14:42:16	INFO	exportfits::::	##### End Task: exportfits           #####
2019-05-09 14:42:16	INFO	exportfits::::+	##########################################
2019-05-09 14:42:16	INFO	Imager::open() 	Opening MeasurementSet /data/simulations/Meq_tutorials/for_meqtrees/MID_pointing_sims/meqtrees_simulation/residual.ms
2019-05-09 14:42:17	INFO	imager::defineimage()	Defining image properties:nx=512 ny=512 cellx='0.0961arcsec' celly='0.0961arcsec' stokes=I' mode=MFS nchan=-1 start=0 step=0 spwids=[0] fieldid=-1 facets=1 frame=1 distance='0'
2019-05-09 14:42:17	INFO	imager::defineimage()	 phaseCenter='08:00:00.03,  319.25.17.92, ' mStart='Radialvelocity: 0' qStep='0 '' mFreqStart='Frequency: 0
2019-05-09 14:42:17	INFO	imager::setoptions() 	Setting processing options
2019-05-09 14:42:17	INFO	imager::data selection	Performing selection on MeasurementSet : /data/simulations/Meq_tutorials/for_meqtrees/MID_pointing_sims/meqtrees_simulation/residual.ms
2019-05-09 14:42:17	INFO	imager::data selection	Selecting on spectral windows expression : 0
2019-05-09 14:42:18	INFO	imager::data selection	Selected all 1254890 rows
2019-05-09 14:42:18	INFO	imager::data selection	Selected: [1 chans in spw 0]
2019-05-09 14:42:18	INFO	imager::weight()	Weighting MS: Imaging weights will be changed
2019-05-09 14:42:18	INFO	imager::weight()	Uniform weighting: sidelobes will be suppressed over specified field of view: 7200 arcsec
2019-05-09 14:43:06	INFO	Imager::setvp() 	Setting voltage pattern parameters
2019-05-09 14:43:06	INFO	Imager::setvp() 	Sky position tolerance is 180 degrees
2019-05-09 14:43:06	INFO	Imager::setvp() 	Using user defined voltage patterns in Table residual.-vp.tab
2019-05-09 14:43:07	INFO	imager::makeimage() 	Calculating image (without full skyequation)
2019-05-09 14:43:07	INFO	imager::makeimage() 	Making dirty image from model data 
2019-05-09 14:43:07	INFO	imager::makeimage() 	Image is : residual.map
2019-05-09 14:43:07	WARN	Imager::imagecoordinates() (file ../../synthesis/MeasurementEquations/Imager2.cc, line 247)	Did not get the position of SKA1-MID from data repository
2019-05-09 14:43:07	WARN	Imager::imagecoordinates() (file ../../synthesis/MeasurementEquations/Imager2.cc, line 247)	Please contact CASA to add it to the repository.
2019-05-09 14:43:07	WARN	Imager::imagecoordinates() (file ../../synthesis/MeasurementEquations/Imager2.cc, line 247)	Frequency conversion will not work 
2019-05-09 14:43:07	WARN	Imager::imagecoordinates() (file ../../synthesis/MeasurementEquations/Imager2.cc, line 247)	Did not get the position of SKA1-MID from data repository
2019-05-09 14:43:07	WARN	Imager::imagecoordinates() (file ../../synthesis/MeasurementEquations/Imager2.cc, line 247)	Please contact CASA to add it to the repository.
2019-05-09 14:43:07	WARN	Imager::imagecoordinates() (file ../../synthesis/MeasurementEquations/Imager2.cc, line 247)	Frequency conversion will not work 
2019-05-09 14:43:07	WARN	Imager::imagecoordinates() (file ../../synthesis/MeasurementEquations/Imager2.cc, line 247)	Did not get the position of SKA1-MID from data repository
2019-05-09 14:43:07	WARN	Imager::imagecoordinates() (file ../../synthesis/MeasurementEquations/Imager2.cc, line 247)	Please contact CASA to add it to the repository.
2019-05-09 14:43:07	WARN	Imager::imagecoordinates() (file ../../synthesis/MeasurementEquations/Imager2.cc, line 247)	Frequency conversion will not work 
2019-05-09 14:43:07	INFO	imager::createFTMachine() 	Performing interferometric gridding...
2019-05-09 14:43:11	INFO	exportfits::::	
2019-05-09 14:43:11	INFO	exportfits::::+	##########################################
2019-05-09 14:43:11	INFO	exportfits::::+	##### Begin Task: exportfits         #####
2019-05-09 14:43:11	INFO	exportfits::::	exportfits(imagename="residual.map",fitsimage="residual.map.fits",velocity=False,optical=False,bitpix=-32,
2019-05-09 14:43:11	INFO	exportfits::::+	        minpix=0,maxpix=-1,overwrite=False,dropstokes=False,stokeslast=True,
2019-05-09 14:43:11	INFO	exportfits::::+	        history=True,dropdeg=False)
2019-05-09 14:43:11	INFO	exportfits::::	##### End Task: exportfits           #####
2019-05-09 14:43:11	INFO	exportfits::::+	##########################################
2019-05-09 14:43:12	INFO	Imager::open() 	Opening MeasurementSet /data/simulations/Meq_tutorials/for_meqtrees/MID_pointing_sims/meqtrees_simulation/PE_1.0_arcsec.ms
2019-05-09 14:43:13	INFO	imager::defineimage()	Defining image properties:nx=512 ny=512 cellx='0.0961arcsec' celly='0.0961arcsec' stokes=I' mode=MFS nchan=-1 start=0 step=0 spwids=[0] fieldid=-1 facets=1 frame=1 distance='0'
2019-05-09 14:43:13	INFO	imager::defineimage()	 phaseCenter='08:00:00.03,  319.25.17.92, ' mStart='Radialvelocity: 0' qStep='0 '' mFreqStart='Frequency: 0
2019-05-09 14:43:13	INFO	imager::setoptions() 	Setting processing options
2019-05-09 14:43:13	INFO	imager::data selection	Performing selection on MeasurementSet : /data/simulations/Meq_tutorials/for_meqtrees/MID_pointing_sims/meqtrees_simulation/PE_1.0_arcsec.ms
2019-05-09 14:43:13	INFO	imager::data selection	Selecting on spectral windows expression : 0
2019-05-09 14:43:13	INFO	imager::data selection	Selected all 1254890 rows
2019-05-09 14:43:13	INFO	imager::data selection	Selected: [1 chans in spw 0]
2019-05-09 14:43:13	INFO	imager::weight()	Weighting MS: Imaging weights will be changed
2019-05-09 14:43:13	INFO	imager::weight()	Uniform weighting: sidelobes will be suppressed over specified field of view: 7200 arcsec
2019-05-09 14:44:02	INFO	Imager::setvp() 	Setting voltage pattern parameters
2019-05-09 14:44:02	INFO	Imager::setvp() 	Sky position tolerance is 180 degrees
2019-05-09 14:44:02	INFO	Imager::setvp() 	Using user defined voltage patterns in Table PE_1.0_arcsec.-vp.tab
2019-05-09 14:44:02	INFO	imager::makeimage() 	Calculating image (without full skyequation)
2019-05-09 14:44:02	INFO	imager::makeimage() 	Making dirty image from model data 
2019-05-09 14:44:02	INFO	imager::makeimage() 	Image is : PE_1.0_arcsec.map
2019-05-09 14:44:02	WARN	Imager::imagecoordinates() (file ../../synthesis/MeasurementEquations/Imager2.cc, line 247)	Did not get the position of SKA1-MID from data repository
2019-05-09 14:44:02	WARN	Imager::imagecoordinates() (file ../../synthesis/MeasurementEquations/Imager2.cc, line 247)	Please contact CASA to add it to the repository.
2019-05-09 14:44:02	WARN	Imager::imagecoordinates() (file ../../synthesis/MeasurementEquations/Imager2.cc, line 247)	Frequency conversion will not work 
2019-05-09 14:44:02	WARN	Imager::imagecoordinates() (file ../../synthesis/MeasurementEquations/Imager2.cc, line 247)	Did not get the position of SKA1-MID from data repository
2019-05-09 14:44:02	WARN	Imager::imagecoordinates() (file ../../synthesis/MeasurementEquations/Imager2.cc, line 247)	Please contact CASA to add it to the repository.
2019-05-09 14:44:02	WARN	Imager::imagecoordinates() (file ../../synthesis/MeasurementEquations/Imager2.cc, line 247)	Frequency conversion will not work 
2019-05-09 14:44:02	WARN	Imager::imagecoordinates() (file ../../synthesis/MeasurementEquations/Imager2.cc, line 247)	Did not get the position of SKA1-MID from data repository
2019-05-09 14:44:02	WARN	Imager::imagecoordinates() (file ../../synthesis/MeasurementEquations/Imager2.cc, line 247)	Please contact CASA to add it to the repository.
2019-05-09 14:44:02	WARN	Imager::imagecoordinates() (file ../../synthesis/MeasurementEquations/Imager2.cc, line 247)	Frequency conversion will not work 
2019-05-09 14:44:02	INFO	imager::createFTMachine() 	Performing interferometric gridding...
2019-05-09 14:44:07	INFO	exportfits::::	
2019-05-09 14:44:07	INFO	exportfits::::+	##########################################
2019-05-09 14:44:07	INFO	exportfits::::+	##### Begin Task: exportfits         #####
2019-05-09 14:44:07	INFO	exportfits::::	exportfits(imagename="PE_1.0_arcsec.map",fitsimage="PE_1.0_arcsec.map.fits",velocity=False,optical=False,bitpix=-32,
2019-05-09 14:44:07	INFO	exportfits::::+	        minpix=0,maxpix=-1,overwrite=False,dropstokes=False,stokeslast=True,
2019-05-09 14:44:07	INFO	exportfits::::+	        history=True,dropdeg=False)
2019-05-09 14:44:07	INFO	exportfits::::	##### End Task: exportfits           #####
2019-05-09 14:44:07	INFO	exportfits::::+	##########################################
2019-05-09 14:44:07	INFO	Imager::open() 	Opening MeasurementSet /data/simulations/Meq_tutorials/for_meqtrees/MID_pointing_sims/meqtrees_simulation/residual.ms
2019-05-09 14:44:08	INFO	imager::defineimage()	Defining image properties:nx=512 ny=512 cellx='0.0961arcsec' celly='0.0961arcsec' stokes=I' mode=MFS nchan=-1 start=0 step=0 spwids=[0] fieldid=-1 facets=1 frame=1 distance='0'
2019-05-09 14:44:08	INFO	imager::defineimage()	 phaseCenter='08:00:00.03,  319.25.17.92, ' mStart='Radialvelocity: 0' qStep='0 '' mFreqStart='Frequency: 0
2019-05-09 14:44:08	INFO	imager::setoptions() 	Setting processing options
2019-05-09 14:44:08	INFO	imager::data selection	Performing selection on MeasurementSet : /data/simulations/Meq_tutorials/for_meqtrees/MID_pointing_sims/meqtrees_simulation/residual.ms
2019-05-09 14:44:08	INFO	imager::data selection	Selecting on spectral windows expression : 0
2019-05-09 14:44:09	INFO	imager::data selection	Selected all 1254890 rows
2019-05-09 14:44:09	INFO	imager::data selection	Selected: [1 chans in spw 0]
2019-05-09 14:44:09	INFO	imager::weight()	Weighting MS: Imaging weights will be changed
2019-05-09 14:44:09	INFO	imager::weight()	Uniform weighting: sidelobes will be suppressed over specified field of view: 7200 arcsec
2019-05-09 14:44:58	INFO	Imager::setvp() 	Setting voltage pattern parameters
2019-05-09 14:44:58	INFO	Imager::setvp() 	Sky position tolerance is 180 degrees
2019-05-09 14:44:58	INFO	Imager::setvp() 	Using user defined voltage patterns in Table residual.-vp.tab
2019-05-09 14:44:58	INFO	imager::makeimage() 	Calculating image (without full skyequation)
2019-05-09 14:44:58	INFO	imager::makeimage() 	Making dirty image from model data 
2019-05-09 14:44:58	INFO	imager::makeimage() 	Image is : residual.map
2019-05-09 14:44:58	WARN	Imager::imagecoordinates() (file ../../synthesis/MeasurementEquations/Imager2.cc, line 247)	Did not get the position of SKA1-MID from data repository
2019-05-09 14:44:58	WARN	Imager::imagecoordinates() (file ../../synthesis/MeasurementEquations/Imager2.cc, line 247)	Please contact CASA to add it to the repository.
2019-05-09 14:44:58	WARN	Imager::imagecoordinates() (file ../../synthesis/MeasurementEquations/Imager2.cc, line 247)	Frequency conversion will not work 
2019-05-09 14:44:58	WARN	Imager::imagecoordinates() (file ../../synthesis/MeasurementEquations/Imager2.cc, line 247)	Did not get the position of SKA1-MID from data repository
2019-05-09 14:44:58	WARN	Imager::imagecoordinates() (file ../../synthesis/MeasurementEquations/Imager2.cc, line 247)	Please contact CASA to add it to the repository.
2019-05-09 14:44:58	WARN	Imager::imagecoordinates() (file ../../synthesis/MeasurementEquations/Imager2.cc, line 247)	Frequency conversion will not work 
2019-05-09 14:44:59	WARN	Imager::imagecoordinates() (file ../../synthesis/MeasurementEquations/Imager2.cc, line 247)	Did not get the position of SKA1-MID from data repository
2019-05-09 14:44:59	WARN	Imager::imagecoordinates() (file ../../synthesis/MeasurementEquations/Imager2.cc, line 247)	Please contact CASA to add it to the repository.
2019-05-09 14:44:59	WARN	Imager::imagecoordinates() (file ../../synthesis/MeasurementEquations/Imager2.cc, line 247)	Frequency conversion will not work 
2019-05-09 14:44:59	INFO	imager::createFTMachine() 	Performing interferometric gridding...
2019-05-09 14:45:04	INFO	exportfits::::	
2019-05-09 14:45:04	INFO	exportfits::::+	##########################################
2019-05-09 14:45:04	INFO	exportfits::::+	##### Begin Task: exportfits         #####
2019-05-09 14:45:04	INFO	exportfits::::	exportfits(imagename="residual.map",fitsimage="residual.map.fits",velocity=False,optical=False,bitpix=-32,
2019-05-09 14:45:04	INFO	exportfits::::+	        minpix=0,maxpix=-1,overwrite=False,dropstokes=False,stokeslast=True,
2019-05-09 14:45:04	INFO	exportfits::::+	        history=True,dropdeg=False)
2019-05-09 14:45:04	INFO	exportfits::::	##### End Task: exportfits           #####
2019-05-09 14:45:04	INFO	exportfits::::+	##########################################
2019-05-09 14:45:04	INFO	Imager::open() 	Opening MeasurementSet /data/simulations/Meq_tutorials/for_meqtrees/MID_pointing_sims/meqtrees_simulation/PE_2.0_arcsec.ms
2019-05-09 14:45:05	INFO	imager::defineimage()	Defining image properties:nx=512 ny=512 cellx='0.0961arcsec' celly='0.0961arcsec' stokes=I' mode=MFS nchan=-1 start=0 step=0 spwids=[0] fieldid=-1 facets=1 frame=1 distance='0'
2019-05-09 14:45:05	INFO	imager::defineimage()	 phaseCenter='08:00:00.03,  319.25.17.92, ' mStart='Radialvelocity: 0' qStep='0 '' mFreqStart='Frequency: 0
2019-05-09 14:45:05	INFO	imager::setoptions() 	Setting processing options
2019-05-09 14:45:05	INFO	imager::data selection	Performing selection on MeasurementSet : /data/simulations/Meq_tutorials/for_meqtrees/MID_pointing_sims/meqtrees_simulation/PE_2.0_arcsec.ms
2019-05-09 14:45:05	INFO	imager::data selection	Selecting on spectral windows expression : 0
2019-05-09 14:45:06	INFO	imager::data selection	Selected all 1254890 rows
2019-05-09 14:45:06	INFO	imager::data selection	Selected: [1 chans in spw 0]
2019-05-09 14:45:06	INFO	imager::weight()	Weighting MS: Imaging weights will be changed
2019-05-09 14:45:06	INFO	imager::weight()	Uniform weighting: sidelobes will be suppressed over specified field of view: 7200 arcsec
2019-05-09 14:45:54	INFO	Imager::setvp() 	Setting voltage pattern parameters
2019-05-09 14:45:54	INFO	Imager::setvp() 	Sky position tolerance is 180 degrees
2019-05-09 14:45:54	INFO	Imager::setvp() 	Using user defined voltage patterns in Table PE_2.0_arcsec.-vp.tab
2019-05-09 14:45:54	INFO	imager::makeimage() 	Calculating image (without full skyequation)
2019-05-09 14:45:54	INFO	imager::makeimage() 	Making dirty image from model data 
2019-05-09 14:45:54	INFO	imager::makeimage() 	Image is : PE_2.0_arcsec.map
2019-05-09 14:45:54	WARN	Imager::imagecoordinates() (file ../../synthesis/MeasurementEquations/Imager2.cc, line 247)	Did not get the position of SKA1-MID from data repository
2019-05-09 14:45:54	WARN	Imager::imagecoordinates() (file ../../synthesis/MeasurementEquations/Imager2.cc, line 247)	Please contact CASA to add it to the repository.
2019-05-09 14:45:54	WARN	Imager::imagecoordinates() (file ../../synthesis/MeasurementEquations/Imager2.cc, line 247)	Frequency conversion will not work 
2019-05-09 14:45:55	WARN	Imager::imagecoordinates() (file ../../synthesis/MeasurementEquations/Imager2.cc, line 247)	Did not get the position of SKA1-MID from data repository
2019-05-09 14:45:55	WARN	Imager::imagecoordinates() (file ../../synthesis/MeasurementEquations/Imager2.cc, line 247)	Please contact CASA to add it to the repository.
2019-05-09 14:45:55	WARN	Imager::imagecoordinates() (file ../../synthesis/MeasurementEquations/Imager2.cc, line 247)	Frequency conversion will not work 
2019-05-09 14:45:55	WARN	Imager::imagecoordinates() (file ../../synthesis/MeasurementEquations/Imager2.cc, line 247)	Did not get the position of SKA1-MID from data repository
2019-05-09 14:45:55	WARN	Imager::imagecoordinates() (file ../../synthesis/MeasurementEquations/Imager2.cc, line 247)	Please contact CASA to add it to the repository.
2019-05-09 14:45:55	WARN	Imager::imagecoordinates() (file ../../synthesis/MeasurementEquations/Imager2.cc, line 247)	Frequency conversion will not work 
2019-05-09 14:45:55	INFO	imager::createFTMachine() 	Performing interferometric gridding...
2019-05-09 14:46:00	INFO	exportfits::::	
2019-05-09 14:46:00	INFO	exportfits::::+	##########################################
2019-05-09 14:46:00	INFO	exportfits::::+	##### Begin Task: exportfits         #####
2019-05-09 14:46:00	INFO	exportfits::::	exportfits(imagename="PE_2.0_arcsec.map",fitsimage="PE_2.0_arcsec.map.fits",velocity=False,optical=False,bitpix=-32,
2019-05-09 14:46:00	INFO	exportfits::::+	        minpix=0,maxpix=-1,overwrite=False,dropstokes=False,stokeslast=True,
2019-05-09 14:46:00	INFO	exportfits::::+	        history=True,dropdeg=False)
2019-05-09 14:46:00	INFO	exportfits::::	##### End Task: exportfits           #####
2019-05-09 14:46:00	INFO	exportfits::::+	##########################################
2019-05-09 14:46:00	INFO	Imager::open() 	Opening MeasurementSet /data/simulations/Meq_tutorials/for_meqtrees/MID_pointing_sims/meqtrees_simulation/residual.ms
2019-05-09 14:46:01	INFO	imager::defineimage()	Defining image properties:nx=512 ny=512 cellx='0.0961arcsec' celly='0.0961arcsec' stokes=I' mode=MFS nchan=-1 start=0 step=0 spwids=[0] fieldid=-1 facets=1 frame=1 distance='0'
2019-05-09 14:46:01	INFO	imager::defineimage()	 phaseCenter='08:00:00.03,  319.25.17.92, ' mStart='Radialvelocity: 0' qStep='0 '' mFreqStart='Frequency: 0
2019-05-09 14:46:01	INFO	imager::setoptions() 	Setting processing options
2019-05-09 14:46:01	INFO	imager::data selection	Performing selection on MeasurementSet : /data/simulations/Meq_tutorials/for_meqtrees/MID_pointing_sims/meqtrees_simulation/residual.ms
2019-05-09 14:46:01	INFO	imager::data selection	Selecting on spectral windows expression : 0
2019-05-09 14:46:02	INFO	imager::data selection	Selected all 1254890 rows
2019-05-09 14:46:02	INFO	imager::data selection	Selected: [1 chans in spw 0]
2019-05-09 14:46:02	INFO	imager::weight()	Weighting MS: Imaging weights will be changed
2019-05-09 14:46:02	INFO	imager::weight()	Uniform weighting: sidelobes will be suppressed over specified field of view: 7200 arcsec
2019-05-09 14:46:50	INFO	Imager::setvp() 	Setting voltage pattern parameters
2019-05-09 14:46:50	INFO	Imager::setvp() 	Sky position tolerance is 180 degrees
2019-05-09 14:46:50	INFO	Imager::setvp() 	Using user defined voltage patterns in Table residual.-vp.tab
2019-05-09 14:46:50	INFO	imager::makeimage() 	Calculating image (without full skyequation)
2019-05-09 14:46:50	INFO	imager::makeimage() 	Making dirty image from model data 
2019-05-09 14:46:50	INFO	imager::makeimage() 	Image is : residual.map
2019-05-09 14:46:50	WARN	Imager::imagecoordinates() (file ../../synthesis/MeasurementEquations/Imager2.cc, line 247)	Did not get the position of SKA1-MID from data repository
2019-05-09 14:46:50	WARN	Imager::imagecoordinates() (file ../../synthesis/MeasurementEquations/Imager2.cc, line 247)	Please contact CASA to add it to the repository.
2019-05-09 14:46:50	WARN	Imager::imagecoordinates() (file ../../synthesis/MeasurementEquations/Imager2.cc, line 247)	Frequency conversion will not work 
2019-05-09 14:46:50	WARN	Imager::imagecoordinates() (file ../../synthesis/MeasurementEquations/Imager2.cc, line 247)	Did not get the position of SKA1-MID from data repository
2019-05-09 14:46:50	WARN	Imager::imagecoordinates() (file ../../synthesis/MeasurementEquations/Imager2.cc, line 247)	Please contact CASA to add it to the repository.
2019-05-09 14:46:50	WARN	Imager::imagecoordinates() (file ../../synthesis/MeasurementEquations/Imager2.cc, line 247)	Frequency conversion will not work 
2019-05-09 14:46:50	WARN	Imager::imagecoordinates() (file ../../synthesis/MeasurementEquations/Imager2.cc, line 247)	Did not get the position of SKA1-MID from data repository
2019-05-09 14:46:50	WARN	Imager::imagecoordinates() (file ../../synthesis/MeasurementEquations/Imager2.cc, line 247)	Please contact CASA to add it to the repository.
2019-05-09 14:46:50	WARN	Imager::imagecoordinates() (file ../../synthesis/MeasurementEquations/Imager2.cc, line 247)	Frequency conversion will not work 
2019-05-09 14:46:51	INFO	imager::createFTMachine() 	Performing interferometric gridding...
2019-05-09 14:46:55	INFO	exportfits::::	
2019-05-09 14:46:55	INFO	exportfits::::+	##########################################
2019-05-09 14:46:55	INFO	exportfits::::+	##### Begin Task: exportfits         #####
2019-05-09 14:46:55	INFO	exportfits::::	exportfits(imagename="residual.map",fitsimage="residual.map.fits",velocity=False,optical=False,bitpix=-32,
2019-05-09 14:46:55	INFO	exportfits::::+	        minpix=0,maxpix=-1,overwrite=False,dropstokes=False,stokeslast=True,
2019-05-09 14:46:55	INFO	exportfits::::+	        history=True,dropdeg=False)
2019-05-09 14:46:56	INFO	exportfits::::	##### End Task: exportfits           #####
2019-05-09 14:46:56	INFO	exportfits::::+	##########################################
