Random number seed is 18051955
Using 16 Dask workers
create_blockvisibility: 3 rows, 0.006 GB
create_blockvisibility: 3 rows, 0.006 GB
create_blockvisibility: 3 rows, 0.006 GB
create_blockvisibility: 3 rows, 0.006 GB
create_blockvisibility: 3 rows, 0.006 GB
create_blockvisibility: 3 rows, 0.006 GB
create_blockvisibility: 3 rows, 0.006 GB
create_blockvisibility: 3 rows, 0.006 GB
create_blockvisibility: 3 rows, 0.006 GB
create_blockvisibility: 3 rows, 0.006 GB
create_blockvisibility: 3 rows, 0.006 GB
create_blockvisibility: 3 rows, 0.006 GB
create_blockvisibility: 3 rows, 0.006 GB
create_blockvisibility: 3 rows, 0.006 GB
create_blockvisibility: 3 rows, 0.006 GB
create_blockvisibility: 3 rows, 0.006 GB
create_blockvisibility: 3 rows, 0.006 GB
create_blockvisibility: 3 rows, 0.006 GB
create_blockvisibility: 3 rows, 0.006 GB
create_blockvisibility: 3 rows, 0.006 GB
create_blockvisibility: 3 rows, 0.006 GB
create_blockvisibility: 3 rows, 0.006 GB
create_blockvisibility: 3 rows, 0.006 GB
create_blockvisibility: 3 rows, 0.006 GB
advise_wide_field: Maximum wavelength 0.214 (meters)
advise_wide_field: Minimum wavelength 0.214 (meters)
advise_wide_field: Maximum baseline 659661.5 (wavelengths)
advise_wide_field: Station/antenna diameter 13.5 (meters)
advise_wide_field: Primary beam 0.0159 (rad) 0.909 (deg)
advise_wide_field: Image field of view 0.0159 (rad) 0.909 (deg)
advise_wide_field: Synthesized beam 1.52e-06 (rad) 8.69e-05 (deg)
advise_wide_field: Cellsize 5.05e-07 (rad) 2.9e-05 (deg)
advice_wide_field: Npixels per side = 31391
advice_wide_field: Npixels (power of 2) per side = 32768
advice_wide_field: Npixels (power of 2, 3) per side = 32768
advice_wide_field: W sampling for full image = 253.0 (wavelengths)
advice_wide_field: W sampling for primary beam = 253.0 (wavelengths)
advice_wide_field: Time sampling for full image = 10.5 (s)
advice_wide_field: Time sampling for primary beam = 10.5 (s)
advice_wide_field: Frequency sampling for full image = 170930.4 (Hz)
advice_wide_field: Frequency sampling for primary beam = 170930.4 (Hz)
advice_wide_field: Number of planes in w stack 5214 (primary beam)
advice_wide_field: Number of planes in w projection 5214 (primary beam)
advice_wide_field: W support = 994 (pixels) (primary beam)
Creating LocalCluster and Dask Client
Diagnostic pages available on port http://127.0.0.1:8787
Start times for chunks:
array([-21600., -19800., -18000., -16200., -14400., -12600., -10800.,
        -9000.,  -7200.,  -5400.,  -3600.,  -1800.,      0.,   1800.,
         3600.,   5400.,   7200.,   9000.,  10800.,  12600.,  14400.,
        16200.,  18000.,  19800.])
Observation times:
[array([-21600., -21000., -20400.]),
 array([-19800., -19200., -18600.]),
 array([-18000., -17400., -16800.]),
 array([-16200., -15600., -15000.]),
 array([-14400., -13800., -13200.]),
 array([-12600., -12000., -11400.]),
 array([-10800., -10200.,  -9600.]),
 array([-9000., -8400., -7800.]),
 array([-7200., -6600., -6000.]),
 array([-5400., -4800., -4200.]),
 array([-3600., -3000., -2400.]),
 array([-1800., -1200.,  -600.]),
 array([   0.,  600., 1200.]),
 array([1800., 2400., 3000.]),
 array([3600., 4200., 4800.]),
 array([5400., 6000., 6600.]),
 array([7200., 7800., 8400.]),
 array([ 9000.,  9600., 10200.]),
 array([10800., 11400., 12000.]),
 array([12600., 13200., 13800.]),
 array([14400., 15000., 15600.]),
 array([16200., 16800., 17400.]),
 array([18000., 18600., 19200.]),
 array([19800., 20400., 21000.])]
72 integrations processed in 24 chunks, with integration time 600.0
MID: HWHM beam = 0.596 deg
Constructing single component
Offset from pointing centre = 0.596, 0.000 deg
Skycomponent:
	Name: None
	Flux: [[1.]]
	Frequency: [1.4e+09]
	Direction: <SkyCoord (ICRS): (ra, dec) in deg
    (15.596, -45.)>
	Shape: Point
	Params: {}
	Polarisation frame: stokesI

Using uniform weighting
Inverting to get PSF
PSF sumwt  [[30824.]]
Primary beam: Image:
	Shape: (1, 1, 1024, 1024)
	WCS: WCS Transformation

This transformation has 4 pixel and 4 world dimensions

Array shape (Numpy order): None

Pixel Dim  Data size  Bounds
        0       None  None
        1       None  None
        2       None  None
        3       None  None

World Dim  Physical Type  Units
        0  None           unknown
        1  None           unknown
        2  None           unknown
        3  em.freq        Hz

Correlation between pixel and world axes:

               Pixel Dim
World Dim    0    1    2    3
        0  yes   no   no   no
        1   no  yes   no   no
        2   no   no  yes   no
        3   no   no   no  yes
	Polarisation frame: stokesI

Constructing voltage pattern
Seeds per chunk [1531719365 2131068253  863081875  225303011 1266863192 1199816448
  957091782 1404793132  863708501 1125616772 1458925203 1006566473
 1706724484 1521857518  344214185  188946251  801607987  520560544
  549201990 1182532942 1467032539  107321750   21037854  778981221]
Creating visibilities without any errors
Predicting error-free visibilities in chunks of 8 skymodels
Processing chunk 0
Processing chunk 1
Processing chunk 2
Dirty image sumwt  [[30824.]]
Quality assessment:
	Origin: qa_image
	Context: 
	Data:
		shape: '(1, 1, 512, 512)'
		max: '0.49854287227468963'
		min: '-0.031141007163873424'
		maxabs: '0.49854287227468963'
		rms: '0.0027029076325779024'
		sum: '7.875619190236952'
		medianabs: '0.0008553811332174841'
		medianabsdevmedian: '0.000855303826214278'
		median: '3.730961747047825e-06'

Saving results to ./pointingsimulation_Tim-MBP_30.csv
Summary of processing:
    There are 16 workers
    There are 24 separate visibility time chunks being processed
    The integration time within each chunk is 600.0 (s)
    There are 1 components/skymodels
    9 pointing scenario(s) will be tested
***** Starting loop over pointing error ******
Pointing errors: global (0.0, 0.0) arcsec, static 0.0 arcsec, dynamic 1.0 arcsec
Processing chunk 0
Processing chunk 1
Processing chunk 2
Dirty image sumwt [[30824.]]
Quality assessment:
	Origin: qa_image
	Context: 
	Data:
		shape: '(1, 1, 512, 512)'
		max: '1.1143455633665263e-05'
		min: '-9.864594080239049e-06'
		maxabs: '1.1143455633665263e-05'
		rms: '1.1430830874088442e-06'
		sum: '7.600877775947081e-05'
		medianabs: '7.270491868519334e-07'
		medianabsdevmedian: '7.270392878755058e-07'
		median: '1.1258701479791022e-10'

Elapsed time = 74.2 (s)
Pointing errors: global (0.0, 0.0) arcsec, static 0.0 arcsec, dynamic 2.0 arcsec
Processing chunk 0
Processing chunk 1
Processing chunk 2
Dirty image sumwt [[30824.]]
Quality assessment:
	Origin: qa_image
	Context: 
	Data:
		shape: '(1, 1, 512, 512)'
		max: '2.228599422497788e-05'
		min: '-1.973686462547041e-05'
		maxabs: '2.228599422497788e-05'
		rms: '2.2862320378291236e-06'
		sum: '0.00014438471347649065'
		medianabs: '1.4539383688367364e-06'
		medianabsdevmedian: '1.4539969773331562e-06'
		median: '-5.860849641974725e-11'

Elapsed time = 90.4 (s)
Pointing errors: global (0.0, 0.0) arcsec, static 0.0 arcsec, dynamic 4.0 arcsec
Processing chunk 0
Processing chunk 1
Processing chunk 2
Dirty image sumwt [[30824.]]
Quality assessment:
	Origin: qa_image
	Context: 
	Data:
		shape: '(1, 1, 512, 512)'
		max: '4.456815500674793e-05'
		min: '-3.950428835801118e-05'
		maxabs: '4.456815500674793e-05'
		rms: '4.572735598656485e-06'
		sum: '0.00025823748809686'
		medianabs: '2.907778141547892e-06'
		medianabsdevmedian: '2.9078137006954374e-06'
		median: '3.79158554576211e-10'

Elapsed time = 106.4 (s)
Pointing errors: global (0.0, 0.0) arcsec, static 0.0 arcsec, dynamic 8.0 arcsec
Processing chunk 0
Processing chunk 1
Processing chunk 2
Dirty image sumwt [[30824.]]
Quality assessment:
	Origin: qa_image
	Context: 
	Data:
		shape: '(1, 1, 512, 512)'
		max: '8.911965584690838e-05'
		min: '-7.912963935920864e-05'
		maxabs: '8.911965584690838e-05'
		rms: '9.146621776011653e-06'
		sum: '0.0003943445336309037'
		medianabs: '5.81638915874379e-06'
		medianabsdevmedian: '5.8173842930998805e-06'
		median: '3.1462877293054288e-09'

Elapsed time = 122.6 (s)
Pointing errors: global (0.0, 0.0) arcsec, static 0.0 arcsec, dynamic 16.0 arcsec
Processing chunk 0
Processing chunk 1
Processing chunk 2
Dirty image sumwt [[30824.]]
Quality assessment:
	Origin: qa_image
	Context: 
	Data:
		shape: '(1, 1, 512, 512)'
		max: '0.00017816215189371282'
		min: '-0.0001587341299431463'
		maxabs: '0.00017816215189371282'
		rms: '1.829836025728942e-05'
		sum: '0.0003001704192224935'
		medianabs: '1.1638595071987935e-05'
		medianabsdevmedian: '1.1639003838893858e-05'
		median: '1.8990852705615298e-08'

Elapsed time = 138.6 (s)
Pointing errors: global (0.0, 0.0) arcsec, static 0.0 arcsec, dynamic 32.0 arcsec
Processing chunk 0
Processing chunk 1
Processing chunk 2
Dirty image sumwt [[30824.]]
Quality assessment:
	Origin: qa_image
	Context: 
	Data:
		shape: '(1, 1, 512, 512)'
		max: '0.00035593141542343727'
		min: '-0.0003663575514010198'
		maxabs: '0.0003663575514010198'
		rms: '3.662127152510918e-05'
		sum: '-0.001353332644640179'
		medianabs: '2.3289838937882258e-05'
		medianabsdevmedian: '2.328197880493727e-05'
		median: '6.703164363364763e-08'

Elapsed time = 154.7 (s)
Pointing errors: global (0.0, 0.0) arcsec, static 0.0 arcsec, dynamic 64.0 arcsec
Processing chunk 0
Processing chunk 1
Processing chunk 2
Dirty image sumwt [[30824.]]
Quality assessment:
	Origin: qa_image
	Context: 
	Data:
		shape: '(1, 1, 512, 512)'
		max: '0.0007096202688523711'
		min: '-0.001232731708389223'
		maxabs: '0.001232731708389223'
		rms: '7.337283687684194e-05'
		sum: '-0.010512138707490886'
		medianabs: '4.645737104059925e-05'
		medianabsdevmedian: '4.647010829740702e-05'
		median: '1.0644909446664056e-07'

Elapsed time = 170.8 (s)
Pointing errors: global (0.0, 0.0) arcsec, static 0.0 arcsec, dynamic 128.0 arcsec
Processing chunk 0
Processing chunk 1
Processing chunk 2
Dirty image sumwt [[30824.]]
Quality assessment:
	Origin: qa_image
	Context: 
	Data:
		shape: '(1, 1, 512, 512)'
		max: '0.0014049758425432272'
		min: '-0.004543761889843789'
		maxabs: '0.004543761889843789'
		rms: '0.00014751139557470252'
		sum: '-0.05207689617677338'
		medianabs: '9.275856653247834e-05'
		medianabsdevmedian: '9.277090706158984e-05'
		median: '3.556070849095299e-07'

Elapsed time = 186.9 (s)
Pointing errors: global (0.0, 0.0) arcsec, static 0.0 arcsec, dynamic 256.0 arcsec
Processing chunk 0
Processing chunk 1
Processing chunk 2
Dirty image sumwt [[30824.]]
Quality assessment:
	Origin: qa_image
	Context: 
	Data:
		shape: '(1, 1, 512, 512)'
		max: '0.0027124955778935374'
		min: '-0.017165248373486763'
		maxabs: '0.017165248373486763'
		rms: '0.00029976936118229384'
		sum: '-0.22552249281067804'
		medianabs: '0.0001833125432660021'
		medianabsdevmedian: '0.00018332094426753043'
		median: '9.693066888093009e-09'

Elapsed time = 202.9 (s)
[{'basename': 'simulation0',
  'context': 'singlesource',
  'dynamic_pe': 1.0,
  'dynamic_pointing_error': 1.0,
  'elapsed_time': 74.16523289680481,
  'epoch': '2019-06-22 10:27:02',
  'flux_limit': 1.0,
  'global_pe': array([0., 0.]),
  'global_pointing_error': array([0., 0.]),
  'hostname': 'Tim-MBP',
  'integration_time': 600.0,
  'nb_name': '../pointing_simulation_distributed.py',
  'npixel': 512,
  'onsource_abscentral': 3.1335915000041403e-06,
  'onsource_maxabs': 1.1143455633665263e-05,
  'onsource_medianabs': 7.270491868519334e-07,
  'onsource_rms': 1.1430830874088442e-06,
  'opposite': False,
  'pb_npixel': 1024,
  'pbtype': 'MID',
  'plotfile': './pointingsimulation_Tim-MBP_30.jpg',
  'scale': array([1., 1.]),
  'seed': 18051955,
  'snapshot': False,
  'static_pe': 0.0,
  'static_pointing_error': 0.0,
  'time_series': '',
  'tsys': 0.0,
  'use_natural': False,
  'use_radec': False},
 {'basename': 'simulation0',
  'context': 'singlesource',
  'dynamic_pe': 1.0,
  'dynamic_pointing_error': 2.0,
  'elapsed_time': 90.35154604911804,
  'epoch': '2019-06-22 10:27:02',
  'flux_limit': 1.0,
  'global_pe': array([0., 0.]),
  'global_pointing_error': array([0., 0.]),
  'hostname': 'Tim-MBP',
  'integration_time': 600.0,
  'nb_name': '../pointing_simulation_distributed.py',
  'npixel': 512,
  'onsource_abscentral': 6.780199258094033e-06,
  'onsource_maxabs': 2.228599422497788e-05,
  'onsource_medianabs': 1.4539383688367364e-06,
  'onsource_rms': 2.2862320378291236e-06,
  'opposite': False,
  'pb_npixel': 1024,
  'pbtype': 'MID',
  'plotfile': './pointingsimulation_Tim-MBP_30.jpg',
  'scale': array([1., 1.]),
  'seed': 18051955,
  'snapshot': False,
  'static_pe': 0.0,
  'static_pointing_error': 0.0,
  'time_series': '',
  'tsys': 0.0,
  'use_natural': False,
  'use_radec': False},
 {'basename': 'simulation0',
  'context': 'singlesource',
  'dynamic_pe': 1.0,
  'dynamic_pointing_error': 4.0,
  'elapsed_time': 106.3856589794159,
  'epoch': '2019-06-22 10:27:02',
  'flux_limit': 1.0,
  'global_pe': array([0., 0.]),
  'global_pointing_error': array([0., 0.]),
  'hostname': 'Tim-MBP',
  'integration_time': 600.0,
  'nb_name': '../pointing_simulation_distributed.py',
  'npixel': 512,
  'onsource_abscentral': 1.561237923647374e-05,
  'onsource_maxabs': 4.456815500674793e-05,
  'onsource_medianabs': 2.907778141547892e-06,
  'onsource_rms': 4.572735598656485e-06,
  'opposite': False,
  'pb_npixel': 1024,
  'pbtype': 'MID',
  'plotfile': './pointingsimulation_Tim-MBP_30.jpg',
  'scale': array([1., 1.]),
  'seed': 18051955,
  'snapshot': False,
  'static_pe': 0.0,
  'static_pointing_error': 0.0,
  'time_series': '',
  'tsys': 0.0,
  'use_natural': False,
  'use_radec': False},
 {'basename': 'simulation0',
  'context': 'singlesource',
  'dynamic_pe': 1.0,
  'dynamic_pointing_error': 8.0,
  'elapsed_time': 122.55168199539185,
  'epoch': '2019-06-22 10:27:02',
  'flux_limit': 1.0,
  'global_pe': array([0., 0.]),
  'global_pointing_error': array([0., 0.]),
  'hostname': 'Tim-MBP',
  'integration_time': 600.0,
  'nb_name': '../pointing_simulation_distributed.py',
  'npixel': 512,
  'onsource_abscentral': 3.943190092914328e-05,
  'onsource_maxabs': 8.911965584690838e-05,
  'onsource_medianabs': 5.81638915874379e-06,
  'onsource_rms': 9.146621776011653e-06,
  'opposite': False,
  'pb_npixel': 1024,
  'pbtype': 'MID',
  'plotfile': './pointingsimulation_Tim-MBP_30.jpg',
  'scale': array([1., 1.]),
  'seed': 18051955,
  'snapshot': False,
  'static_pe': 0.0,
  'static_pointing_error': 0.0,
  'time_series': '',
  'tsys': 0.0,
  'use_natural': False,
  'use_radec': False},
 {'basename': 'simulation0',
  'context': 'singlesource',
  'dynamic_pe': 1.0,
  'dynamic_pointing_error': 16.0,
  'elapsed_time': 138.59370279312134,
  'epoch': '2019-06-22 10:27:02',
  'flux_limit': 1.0,
  'global_pe': array([0., 0.]),
  'global_pointing_error': array([0., 0.]),
  'hostname': 'Tim-MBP',
  'integration_time': 600.0,
  'nb_name': '../pointing_simulation_distributed.py',
  'npixel': 512,
  'onsource_abscentral': 0.00011168445033937768,
  'onsource_maxabs': 0.00017816215189371282,
  'onsource_medianabs': 1.1638595071987935e-05,
  'onsource_rms': 1.829836025728942e-05,
  'opposite': False,
  'pb_npixel': 1024,
  'pbtype': 'MID',
  'plotfile': './pointingsimulation_Tim-MBP_30.jpg',
  'scale': array([1., 1.]),
  'seed': 18051955,
  'snapshot': False,
  'static_pe': 0.0,
  'static_pointing_error': 0.0,
  'time_series': '',
  'tsys': 0.0,
  'use_natural': False,
  'use_radec': False},
 {'basename': 'simulation0',
  'context': 'singlesource',
  'dynamic_pe': 1.0,
  'dynamic_pointing_error': 32.0,
  'elapsed_time': 154.65086007118225,
  'epoch': '2019-06-22 10:27:02',
  'flux_limit': 1.0,
  'global_pe': array([0., 0.]),
  'global_pointing_error': array([0., 0.]),
  'hostname': 'Tim-MBP',
  'integration_time': 600.0,
  'nb_name': '../pointing_simulation_distributed.py',
  'npixel': 512,
  'onsource_abscentral': 0.00035456094307945163,
  'onsource_maxabs': 0.0003663575514010198,
  'onsource_medianabs': 2.3289838937882258e-05,
  'onsource_rms': 3.662127152510918e-05,
  'opposite': False,
  'pb_npixel': 1024,
  'pbtype': 'MID',
  'plotfile': './pointingsimulation_Tim-MBP_30.jpg',
  'scale': array([1., 1.]),
  'seed': 18051955,
  'snapshot': False,
  'static_pe': 0.0,
  'static_pointing_error': 0.0,
  'time_series': '',
  'tsys': 0.0,
  'use_natural': False,
  'use_radec': False},
 {'basename': 'simulation0',
  'context': 'singlesource',
  'dynamic_pe': 1.0,
  'dynamic_pointing_error': 64.0,
  'elapsed_time': 170.79240918159485,
  'epoch': '2019-06-22 10:27:02',
  'flux_limit': 1.0,
  'global_pe': array([0., 0.]),
  'global_pointing_error': array([0., 0.]),
  'hostname': 'Tim-MBP',
  'integration_time': 600.0,
  'nb_name': '../pointing_simulation_distributed.py',
  'npixel': 512,
  'onsource_abscentral': 0.001232731708389223,
  'onsource_maxabs': 0.001232731708389223,
  'onsource_medianabs': 4.645737104059925e-05,
  'onsource_rms': 7.337283687684194e-05,
  'opposite': False,
  'pb_npixel': 1024,
  'pbtype': 'MID',
  'plotfile': './pointingsimulation_Tim-MBP_30.jpg',
  'scale': array([1., 1.]),
  'seed': 18051955,
  'snapshot': False,
  'static_pe': 0.0,
  'static_pointing_error': 0.0,
  'time_series': '',
  'tsys': 0.0,
  'use_natural': False,
  'use_radec': False},
 {'basename': 'simulation0',
  'context': 'singlesource',
  'dynamic_pe': 1.0,
  'dynamic_pointing_error': 128.0,
  'elapsed_time': 186.8894190788269,
  'epoch': '2019-06-22 10:27:02',
  'flux_limit': 1.0,
  'global_pe': array([0., 0.]),
  'global_pointing_error': array([0., 0.]),
  'hostname': 'Tim-MBP',
  'integration_time': 600.0,
  'nb_name': '../pointing_simulation_distributed.py',
  'npixel': 512,
  'onsource_abscentral': 0.004543761889843789,
  'onsource_maxabs': 0.004543761889843789,
  'onsource_medianabs': 9.275856653247834e-05,
  'onsource_rms': 0.00014751139557470252,
  'opposite': False,
  'pb_npixel': 1024,
  'pbtype': 'MID',
  'plotfile': './pointingsimulation_Tim-MBP_30.jpg',
  'scale': array([1., 1.]),
  'seed': 18051955,
  'snapshot': False,
  'static_pe': 0.0,
  'static_pointing_error': 0.0,
  'time_series': '',
  'tsys': 0.0,
  'use_natural': False,
  'use_radec': False},
 {'basename': 'simulation0',
  'context': 'singlesource',
  'dynamic_pe': 1.0,
  'dynamic_pointing_error': 256.0,
  'elapsed_time': 202.91504311561584,
  'epoch': '2019-06-22 10:27:02',
  'flux_limit': 1.0,
  'global_pe': array([0., 0.]),
  'global_pointing_error': array([0., 0.]),
  'hostname': 'Tim-MBP',
  'integration_time': 600.0,
  'nb_name': '../pointing_simulation_distributed.py',
  'npixel': 512,
  'onsource_abscentral': 0.017165248373486763,
  'onsource_maxabs': 0.017165248373486763,
  'onsource_medianabs': 0.0001833125432660021,
  'onsource_rms': 0.00029976936118229384,
  'opposite': False,
  'pb_npixel': 1024,
  'pbtype': 'MID',
  'plotfile': './pointingsimulation_Tim-MBP_30.jpg',
  'scale': array([1., 1.]),
  'seed': 18051955,
  'snapshot': False,
  'static_pe': 0.0,
  'static_pointing_error': 0.0,
  'time_series': '',
  'tsys': 0.0,
  'use_natural': False,
  'use_radec': False}]
Saving plot to ./pointingsimulation_Tim-MBP_30.jpg
